Change Component Designator: OldDesignator=DIG 2 SEG A NewDesignator=L2A
Change Component Designator: OldDesignator=DIG 2 SEG B NewDesignator=L2B
Change Component Designator: OldDesignator=DIG 2 SEG C NewDesignator=L2C
Change Component Designator: OldDesignator=DIG 2 SEG D NewDesignator=L2D
Change Component Designator: OldDesignator=DIG 2 SEG E NewDesignator=L2E
Change Component Designator: OldDesignator=DIG 2 SEG F NewDesignator=L2F
Change Component Designator: OldDesignator=DIG 2 SEG G NewDesignator=L2G
Change Component Designator: OldDesignator=DIG 2 SEG H NewDesignator=L2H
Change Component Designator: OldDesignator=DIG 2 SEG I NewDesignator=L2I
Change Component Designator: OldDesignator=DIG 2 SEG J NewDesignator=L2J
Change Component Designator: OldDesignator=DIG 2 SEG K NewDesignator=L2K
Change Component Designator: OldDesignator=DIG 2 SEG L NewDesignator=L2L
Change Component Designator: OldDesignator=DIG 2 SEG M NewDesignator=L2M
Change Component Designator: OldDesignator=DIG 2 SEG N NewDesignator=L2N
Change Component Designator: OldDesignator=DIG 3 SEG A NewDesignator=L3A
Change Component Designator: OldDesignator=DIG 3 SEG B NewDesignator=L3B
Change Component Designator: OldDesignator=DIG 3 SEG C NewDesignator=L3C
Change Component Designator: OldDesignator=DIG 3 SEG D NewDesignator=L3D
Change Component Designator: OldDesignator=DIG 3 SEG E NewDesignator=L3E
Change Component Designator: OldDesignator=DIG 3 SEG F NewDesignator=L3F
Change Component Designator: OldDesignator=DIG 3 SEG G NewDesignator=L3G
Change Component Designator: OldDesignator=DIG 3 SEG H NewDesignator=L3H
Change Component Designator: OldDesignator=DIG 3 SEG I NewDesignator=L3I
Change Component Designator: OldDesignator=DIG 3 SEG J NewDesignator=L3J
Change Component Designator: OldDesignator=DIG 3 SEG K NewDesignator=L3K
Change Component Designator: OldDesignator=DIG 3 SEG L NewDesignator=L3L
Change Component Designator: OldDesignator=DIG 3 SEG M NewDesignator=L3M
Change Component Designator: OldDesignator=DIG 3 SEG N NewDesignator=L3N
Change Net Name : Old Net Name=NetDIG 2 SEG A_1 New Net Name=NetJ2_8
Change Net Name : Old Net Name=NetDIG 3 SEG A_1 New Net Name=NetJ2_9
Added Pin To Net: NetName=NetJ1_1 Pin=J1-1
Added Pin To Net: NetName=NetJ1_1 Pin=L1A-1
Added Pin To Net: NetName=NetJ1_1 Pin=L2A-1
Added Pin To Net: NetName=NetJ1_1 Pin=L3A-1
Added Net: Name=NetJ1_1
Added Pin To Net: NetName=NetJ1_2 Pin=J1-2
Added Pin To Net: NetName=NetJ1_2 Pin=L1B-1
Added Pin To Net: NetName=NetJ1_2 Pin=L2B-1
Added Pin To Net: NetName=NetJ1_2 Pin=L3B-1
Added Net: Name=NetJ1_2
Added Pin To Net: NetName=NetJ1_3 Pin=J1-3
Added Pin To Net: NetName=NetJ1_3 Pin=L1C-1
Added Pin To Net: NetName=NetJ1_3 Pin=L2C-1
Added Pin To Net: NetName=NetJ1_3 Pin=L3C-1
Added Net: Name=NetJ1_3
Added Pin To Net: NetName=NetJ1_4 Pin=J1-4
Added Pin To Net: NetName=NetJ1_4 Pin=L1D-1
Added Pin To Net: NetName=NetJ1_4 Pin=L2D-1
Added Pin To Net: NetName=NetJ1_4 Pin=L3D-1
Added Net: Name=NetJ1_4
Added Pin To Net: NetName=NetJ1_5 Pin=J1-5
Added Pin To Net: NetName=NetJ1_5 Pin=L1E-1
Added Pin To Net: NetName=NetJ1_5 Pin=L2E-1
Added Pin To Net: NetName=NetJ1_5 Pin=L3E-1
Added Net: Name=NetJ1_5
Added Pin To Net: NetName=NetJ1_6 Pin=J1-6
Added Pin To Net: NetName=NetJ1_6 Pin=L1F-1
Added Pin To Net: NetName=NetJ1_6 Pin=L2F-1
Added Pin To Net: NetName=NetJ1_6 Pin=L3F-1
Added Net: Name=NetJ1_6
Added Pin To Net: NetName=NetJ1_7 Pin=J1-7
Added Pin To Net: NetName=NetJ1_7 Pin=L1G-1
Added Pin To Net: NetName=NetJ1_7 Pin=L2G-1
Added Pin To Net: NetName=NetJ1_7 Pin=L3G-1
Added Net: Name=NetJ1_7
Added Pin To Net: NetName=NetJ1_8 Pin=J1-8
Added Pin To Net: NetName=NetJ1_8 Pin=L1H-1
Added Pin To Net: NetName=NetJ1_8 Pin=L2H-1
Added Pin To Net: NetName=NetJ1_8 Pin=L3H-1
Added Net: Name=NetJ1_8
Added Pin To Net: NetName=NetJ1_9 Pin=J1-9
Added Pin To Net: NetName=NetJ1_9 Pin=L1I-1
Added Pin To Net: NetName=NetJ1_9 Pin=L2I-1
Added Pin To Net: NetName=NetJ1_9 Pin=L3I-1
Added Net: Name=NetJ1_9
Added Pin To Net: NetName=NetJ2_1 Pin=J2-1
Added Pin To Net: NetName=NetJ2_1 Pin=L1J-1
Added Pin To Net: NetName=NetJ2_1 Pin=L2J-1
Added Pin To Net: NetName=NetJ2_1 Pin=L3J-1
Added Net: Name=NetJ2_1
Added Pin To Net: NetName=NetJ2_2 Pin=J2-2
Added Pin To Net: NetName=NetJ2_2 Pin=L1K-1
Added Pin To Net: NetName=NetJ2_2 Pin=L2K-1
Added Pin To Net: NetName=NetJ2_2 Pin=L3K-1
Added Net: Name=NetJ2_2
Added Pin To Net: NetName=NetJ2_3 Pin=J2-3
Added Pin To Net: NetName=NetJ2_3 Pin=L1L-1
Added Pin To Net: NetName=NetJ2_3 Pin=L2L-1
Added Pin To Net: NetName=NetJ2_3 Pin=L3L-1
Added Net: Name=NetJ2_3
Added Pin To Net: NetName=NetJ2_4 Pin=J2-4
Added Pin To Net: NetName=NetJ2_4 Pin=L1M-1
Added Pin To Net: NetName=NetJ2_4 Pin=L2M-1
Added Pin To Net: NetName=NetJ2_4 Pin=L3M-1
Added Net: Name=NetJ2_4
Added Pin To Net: NetName=NetJ2_5 Pin=J2-5
Added Pin To Net: NetName=NetJ2_5 Pin=L1N-1
Added Pin To Net: NetName=NetJ2_5 Pin=L2N-1
Added Pin To Net: NetName=NetJ2_5 Pin=L3N-1
Added Net: Name=NetJ2_5
Added Member To Class: ClassName=14 segment Member=Component J1 61300911121
Added Member To Class: ClassName=14 segment Member=Component J2 61300911121
Added Member To Class: ClassName=14 segment Member=Component L2A APG0603SYC-TT
Added Member To Class: ClassName=14 segment Member=Component L2B APG0603SYC-TT
Added Member To Class: ClassName=14 segment Member=Component L2C APG0603SYC-TT
Added Member To Class: ClassName=14 segment Member=Component L2D APG0603SYC-TT
Added Member To Class: ClassName=14 segment Member=Component L2E APG0603SYC-TT
Added Member To Class: ClassName=14 segment Member=Component L2F APG0603SYC-TT
Added Member To Class: ClassName=14 segment Member=Component L2G APG0603SYC-TT
Added Member To Class: ClassName=14 segment Member=Component L2H APG0603SYC-TT
Added Member To Class: ClassName=14 segment Member=Component L2I APG0603SYC-TT
Added Member To Class: ClassName=14 segment Member=Component L2J APG0603SYC-TT
Added Member To Class: ClassName=14 segment Member=Component L2K APG0603SYC-TT
Added Member To Class: ClassName=14 segment Member=Component L2L APG0603SYC-TT
Added Member To Class: ClassName=14 segment Member=Component L2M APG0603SYC-TT
Added Member To Class: ClassName=14 segment Member=Component L2N APG0603SYC-TT
Added Member To Class: ClassName=14 segment Member=Component L3A APG0603SYC-TT
Added Member To Class: ClassName=14 segment Member=Component L3B APG0603SYC-TT
Added Member To Class: ClassName=14 segment Member=Component L3C APG0603SYC-TT
Added Member To Class: ClassName=14 segment Member=Component L3D APG0603SYC-TT
Added Member To Class: ClassName=14 segment Member=Component L3E APG0603SYC-TT
Added Member To Class: ClassName=14 segment Member=Component L3F APG0603SYC-TT
Added Member To Class: ClassName=14 segment Member=Component L3G APG0603SYC-TT
Added Member To Class: ClassName=14 segment Member=Component L3H APG0603SYC-TT
Added Member To Class: ClassName=14 segment Member=Component L3I APG0603SYC-TT
Added Member To Class: ClassName=14 segment Member=Component L3J APG0603SYC-TT
Added Member To Class: ClassName=14 segment Member=Component L3K APG0603SYC-TT
Added Member To Class: ClassName=14 segment Member=Component L3L APG0603SYC-TT
Added Member To Class: ClassName=14 segment Member=Component L3M APG0603SYC-TT
Added Member To Class: ClassName=14 segment Member=Component L3N APG0603SYC-TT
