Added Pin To Net: NetName=NetJ1_1 Pin=L2A-1
Added Pin To Net: NetName=NetJ1_2 Pin=L2B-1
Added Pin To Net: NetName=NetJ1_9 Pin=L2C-1
Added Pin To Net: NetName=NetJ2_1 Pin=L2D-1
Added Pin To Net: NetName=NetJ2_2 Pin=L2E-1
Added Pin To Net: NetName=NetJ1_3 Pin=L2F-1
Added Pin To Net: NetName=NetJ1_4 Pin=L2G-1
Added Pin To Net: NetName=NetJ1_5 Pin=L2H-1
Added Pin To Net: NetName=NetJ1_6 Pin=L2I-1
Added Pin To Net: NetName=NetJ1_7 Pin=L2J-1
Added Pin To Net: NetName=NetJ1_8 Pin=L2K-1
Added Pin To Net: NetName=NetJ2_3 Pin=L2L-1
Added Pin To Net: NetName=NetJ2_4 Pin=L2M-1
Added Pin To Net: NetName=NetJ2_5 Pin=L2N-1
Added Pin To Net: NetName=NetJ1_1 Pin=L3A-1
Added Pin To Net: NetName=NetJ1_2 Pin=L3B-1
Added Pin To Net: NetName=NetJ1_9 Pin=L3C-1
Added Pin To Net: NetName=NetJ2_1 Pin=L3D-1
Added Pin To Net: NetName=NetJ2_2 Pin=L3E-1
Added Pin To Net: NetName=NetJ1_3 Pin=L3F-1
Added Pin To Net: NetName=NetJ1_4 Pin=L3G-1
Added Pin To Net: NetName=NetJ1_5 Pin=L3H-1
Added Pin To Net: NetName=NetJ1_6 Pin=L3I-1
Added Pin To Net: NetName=NetJ1_7 Pin=L3J-1
Added Pin To Net: NetName=NetJ1_8 Pin=L3K-1
Added Pin To Net: NetName=NetJ2_3 Pin=L3L-1
Added Pin To Net: NetName=NetJ2_4 Pin=L3M-1
Added Pin To Net: NetName=NetJ2_5 Pin=L3N-1
