Change Pin Designator/Name:  Old Designator=L2B-2 Old Name=A New Designator =K New Name=1
Change Pin Designator/Name:  Old Designator=L2C-2 Old Name=A New Designator =K New Name=1
Change Pin Designator/Name:  Old Designator=L2D-2 Old Name=A New Designator =K New Name=1
Change Pin Designator/Name:  Old Designator=L2E-2 Old Name=A New Designator =K New Name=1
Change Pin Designator/Name:  Old Designator=L2F-2 Old Name=A New Designator =K New Name=1
Change Pin Designator/Name:  Old Designator=L2G-2 Old Name=A New Designator =K New Name=1
Change Pin Designator/Name:  Old Designator=L2H-2 Old Name=A New Designator =K New Name=1
Change Pin Designator/Name:  Old Designator=L2J-2 Old Name=A New Designator =K New Name=1
Change Pin Designator/Name:  Old Designator=L2K-2 Old Name=A New Designator =K New Name=1
Change Pin Designator/Name:  Old Designator=L2L-2 Old Name=A New Designator =K New Name=1
Change Pin Designator/Name:  Old Designator=L2M-2 Old Name=A New Designator =K New Name=1
Change Pin Designator/Name:  Old Designator=L2N-2 Old Name=A New Designator =K New Name=1
Change Pin Designator/Name:  Old Designator=L3A-2 Old Name=A New Designator =K New Name=1
Change Pin Designator/Name:  Old Designator=L3B-2 Old Name=A New Designator =K New Name=1
Change Pin Designator/Name:  Old Designator=L3C-2 Old Name=A New Designator =K New Name=1
Change Pin Designator/Name:  Old Designator=L3D-2 Old Name=A New Designator =K New Name=1
Change Pin Designator/Name:  Old Designator=L3E-2 Old Name=A New Designator =K New Name=1
Change Pin Designator/Name:  Old Designator=L3F-2 Old Name=A New Designator =K New Name=1
Change Pin Designator/Name:  Old Designator=L3G-2 Old Name=A New Designator =K New Name=1
Change Pin Designator/Name:  Old Designator=L3H-2 Old Name=A New Designator =K New Name=1
Change Pin Designator/Name:  Old Designator=L3I-2 Old Name=A New Designator =K New Name=1
Change Pin Designator/Name:  Old Designator=L3J-2 Old Name=A New Designator =K New Name=1
Change Pin Designator/Name:  Old Designator=L3K-2 Old Name=A New Designator =K New Name=1
Change Pin Designator/Name:  Old Designator=L3L-2 Old Name=A New Designator =K New Name=1
Change Pin Designator/Name:  Old Designator=L3M-2 Old Name=A New Designator =K New Name=1
Change Pin Designator/Name:  Old Designator=L3N-2 Old Name=A New Designator =K New Name=1
