Change Component Designator: OldDesignator=L1A NewDesignator=DIG 1 SEG A
Change Component Designator: OldDesignator=L1B NewDesignator=DIG 1 SEG B
Change Component Designator: OldDesignator=L1C NewDesignator=DIG 1 SEG C
Change Component Designator: OldDesignator=L1D NewDesignator=DIG 1 SEG D
Change Component Designator: OldDesignator=L1E NewDesignator=DIG 1 SEG E
Change Component Designator: OldDesignator=L1F NewDesignator=DIG 1 SEG F
Change Component Designator: OldDesignator=L1G NewDesignator=DIG 1 SEG G
Change Component Designator: OldDesignator=L1H NewDesignator=DIG 1 SEG H
Change Component Designator: OldDesignator=L1I NewDesignator=DIG 1 SEG I
Change Component Designator: OldDesignator=L1K NewDesignator=DIG 1 SEG K
Change Component Designator: OldDesignator=L1L NewDesignator=DIG 1 SEG L
Change Component Designator: OldDesignator=L1M NewDesignator=DIG 1 SEG M
Change Component Designator: OldDesignator=L1N NewDesignator=DIG 1 SEG N
Change Component Designator: OldDesignator=L2A NewDesignator=DIG 2 SEG A
Change Component Designator: OldDesignator=L2B NewDesignator=DIG 2 SEG B
Change Component Designator: OldDesignator=L2C NewDesignator=DIG 2 SEG C
Change Component Designator: OldDesignator=L2D NewDesignator=DIG 2 SEG D
Change Component Designator: OldDesignator=L2E NewDesignator=DIG 2 SEG E
Change Component Designator: OldDesignator=L2F NewDesignator=DIG 2 SEG F
Change Component Designator: OldDesignator=L2G NewDesignator=DIG 2 SEG G
Change Component Designator: OldDesignator=L2H NewDesignator=DIG 2 SEG H
Change Component Designator: OldDesignator=L2I NewDesignator=DIG 2 SEG I
Change Component Designator: OldDesignator=L2J NewDesignator=DIG 2 SEG J
Change Component Designator: OldDesignator=L2K NewDesignator=DIG 2 SEG K
Change Component Designator: OldDesignator=L2L NewDesignator=DIG 2 SEG L
Change Component Designator: OldDesignator=L2M NewDesignator=DIG 2 SEG M
Change Component Designator: OldDesignator=L2N NewDesignator=DIG 2 SEG N
Change Component Designator: OldDesignator=L3A NewDesignator=DIG 3 SEG A
Change Component Designator: OldDesignator=L3B NewDesignator=DIG 3 SEG B
Change Component Designator: OldDesignator=L3C NewDesignator=DIG 3 SEG C
Change Component Designator: OldDesignator=L3D NewDesignator=DIG 3 SEG D
Change Component Designator: OldDesignator=L3E NewDesignator=DIG 3 SEG E
Change Component Designator: OldDesignator=L3F NewDesignator=DIG 3 SEG F
Change Component Designator: OldDesignator=L3G NewDesignator=DIG 3 SEG G
Change Component Designator: OldDesignator=L3H NewDesignator=DIG 3 SEG H
Change Component Designator: OldDesignator=L3I NewDesignator=DIG 3 SEG I
Change Component Designator: OldDesignator=L3J NewDesignator=DIG 3 SEG J
Change Component Designator: OldDesignator=L3K NewDesignator=DIG 3 SEG K
Change Component Designator: OldDesignator=L3L NewDesignator=DIG 3 SEG L
Change Component Designator: OldDesignator=L3M NewDesignator=DIG 3 SEG M
Change Component Designator: OldDesignator=L3N NewDesignator=DIG 3 SEG N
