Removed Pin From Net: NetName=ROW1 Pin=DSP1-1
Removed Pin From Net: NetName=ROW0 Pin=DSP1-2
Removed Pin From Net: NetName=ROW9 Pin=DSP1-3
Removed Pin From Net: NetName=ROW8 Pin=DSP1-4
Removed Pin From Net: NetName=ROW7 Pin=DSP1-5
Removed Pin From Net: NetName=COM6 Pin=DSP1-6
Removed Pin From Net: NetName=ROW5 Pin=DSP1-7
Removed Pin From Net: NetName=ROW6 Pin=DSP1-8
Removed Pin From Net: NetName=COM7 Pin=DSP1-9
Removed Pin From Net: NetName=COM5 Pin=DSP1-10
Removed Pin From Net: NetName=GND Pin=DSP1-11
Removed Pin From Net: NetName=ROW11 Pin=DSP1-12
Removed Pin From Net: NetName=ROW12 Pin=DSP1-13
Removed Pin From Net: NetName=ROW13 Pin=DSP1-14
Removed Pin From Net: NetName=ROW4 Pin=DSP1-15
Removed Pin From Net: NetName=ROW3 Pin=DSP1-16
Removed Pin From Net: NetName=ROW2 Pin=DSP1-17
Removed Pin From Net: NetName=ROW10 Pin=DSP1-18
Change Component DesignItemId : Designator=DSP1 Old DesignItemId=3 Digit 14 Segement New DesignItemId=14 Segment Display
Change Component Footprint: Designator=DSP1 Old Footprint=3 DIGIT 14 SEGMENT New Footprint=14 Segment Display CS
Change Component Comment : Designator=DSP1 Old Comment=3 Digit 14 Segement New Comment=14 Segment Display
Added Pin To Net: NetName=ROW4 Pin=DSP1-1
Added Pin To Net: NetName=ROW13 Pin=DSP1-2
Added Pin To Net: NetName=COM5 Pin=DSP1-3
Added Pin To Net: NetName=ROW12 Pin=DSP1-4
Added Pin To Net: NetName=ROW11 Pin=DSP1-5
Added Pin To Net: NetName=ROW11 Pin=DSP1-5
Added Pin To Net: NetName=ROW7 Pin=DSP1-6
Added Pin To Net: NetName=ROW3 Pin=DSP1-7
Added Pin To Net: NetName=ROW2 Pin=DSP1-9
Added Pin To Net: NetName=ROW1 Pin=DSP1-10
Added Pin To Net: NetName=COM6 Pin=DSP1-11
Added Pin To Net: NetName=ROW0 Pin=DSP1-12
Added Pin To Net: NetName=ROW6 Pin=DSP1-13
Added Pin To Net: NetName=ROW10 Pin=DSP1-14
Added Pin To Net: NetName=ROW8 Pin=DSP1-15
Added Pin To Net: NetName=COM7 Pin=DSP1-16
Added Pin To Net: NetName=ROW9 Pin=DSP1-17
Added Pin To Net: NetName=ROW5 Pin=DSP1-18
Added Room: Name=Faceplate_Display
