Removed Pin From Net: NetName=ROW14 Pin=LED1-2
Removed Pin From Net: NetName=ROW15 Pin=LED2-2
Removed Pin From Net: NetName=ROW14 Pin=LED3-2
Removed Pin From Net: NetName=ROW15 Pin=LED4-2
Change Component Designator: OldDesignator=DS1 NewDesignator=DS2
Change Component Designator: OldDesignator=DS2 NewDesignator=DS4
Change Component Designator: OldDesignator=DS3 NewDesignator=DS5
Change Component Designator: OldDesignator=DS4 NewDesignator=DS6
Change Component Designator: OldDesignator=DS5 NewDesignator=DS8
Change Component Designator: OldDesignator=DS6 NewDesignator=DS10
Change Component Designator: OldDesignator=DS7 NewDesignator=DS1
Change Component Designator: OldDesignator=DS8 NewDesignator=DS3
Change Component Designator: OldDesignator=DS9 NewDesignator=DS7
Change Component Designator: OldDesignator=DS10 NewDesignator=DS9
Change Component Designator: OldDesignator=R3 NewDesignator=R5
Change Component Designator: OldDesignator=R4 NewDesignator=R6
Change Component Designator: OldDesignator=R5 NewDesignator=R7
Added Component: Designator=R3(RESC2012X60N)
Added Component: Designator=R4(RESC2012X60N)
Added Component: Designator=R8(RESC2012X60N)
Added Component: Designator=R9(RESC2012X60N)
Added Pin To Net: NetName=ROW14 Pin=R3-2
Added Pin To Net: NetName=ROW15 Pin=R4-2
Added Pin To Net: NetName=ROW14 Pin=R8-2
Added Pin To Net: NetName=ROW15 Pin=R9-2
Change Net Name : Old Net Name=NetR3_1 New Net Name=NetR5_1
Change Net Name : Old Net Name=NetR4_1 New Net Name=NetR6_1
Change Net Name : Old Net Name=NetR5_1 New Net Name=NetR7_1
Added Pin To Net: NetName=NetLED1_2 Pin=LED1-2
Added Pin To Net: NetName=NetLED1_2 Pin=R3-1
Added Net: Name=NetLED1_2
Added Pin To Net: NetName=NetLED2_2 Pin=LED2-2
Added Pin To Net: NetName=NetLED2_2 Pin=R4-1
Added Net: Name=NetLED2_2
Added Pin To Net: NetName=NetLED3_2 Pin=LED3-2
Added Pin To Net: NetName=NetLED3_2 Pin=R8-1
Added Net: Name=NetLED3_2
Added Pin To Net: NetName=NetLED4_2 Pin=LED4-2
Added Pin To Net: NetName=NetLED4_2 Pin=R9-1
Added Net: Name=NetLED4_2
Added Member To Class: ClassName=Faceplate_Display Member=Component R6 CRCW080539K0FKEA
Added Member To Class: ClassName=Faceplate_Display Member=Component R7 CRCW080539K0FKEA
Added Member To Class: ClassName=Faceplate_Display Member=Component R8 200
Added Member To Class: ClassName=Faceplate_Display Member=Component R9 200
Added Room: Name=Faceplate_Display
