Added Component: Designator=J1(HDRV9W95P0X254_1X9_2286X254X874P)
Added Component: Designator=J2(HDRV9W95P0X254_1X9_2286X254X874P)
Added Component: Designator=L1A(APG0603SYCTT)
Added Component: Designator=L1B(APG0603SYCTT)
Added Component: Designator=L1C(APG0603SYCTT)
Added Component: Designator=L1D(APG0603SYCTT)
Added Component: Designator=L1E(APG0603SYCTT)
Added Component: Designator=L1F(APG0603SYCTT)
Added Component: Designator=L1G(APG0603SYCTT)
Added Component: Designator=L1H(APG0603SYCTT)
Added Component: Designator=L1I(APG0603SYCTT)
Added Component: Designator=L1J(APG0603SYCTT)
Added Component: Designator=L1K(APG0603SYCTT)
Added Component: Designator=L1L(APG0603SYCTT)
Added Component: Designator=L1M(APG0603SYCTT)
Added Component: Designator=L1N(APG0603SYCTT)
Added Component: Designator=L2A(APG0603SYCTT)
Added Component: Designator=L2B(APG0603SYCTT)
Added Component: Designator=L2C(APG0603SYCTT)
Added Component: Designator=L2D(APG0603SYCTT)
Added Component: Designator=L2E(APG0603SYCTT)
Added Component: Designator=L2F(APG0603SYCTT)
Added Component: Designator=L2G(APG0603SYCTT)
Added Component: Designator=L2H(APG0603SYCTT)
Added Component: Designator=L2I(APG0603SYCTT)
Added Component: Designator=L2J(APG0603SYCTT)
Added Component: Designator=L2K(APG0603SYCTT)
Added Component: Designator=L2L(APG0603SYCTT)
Added Component: Designator=L2M(APG0603SYCTT)
Added Component: Designator=L2N(APG0603SYCTT)
Added Component: Designator=L3A(APG0603SYCTT)
Added Component: Designator=L3B(APG0603SYCTT)
Added Component: Designator=L3C(APG0603SYCTT)
Added Component: Designator=L3D(APG0603SYCTT)
Added Component: Designator=L3E(APG0603SYCTT)
Added Component: Designator=L3F(APG0603SYCTT)
Added Component: Designator=L3G(APG0603SYCTT)
Added Component: Designator=L3H(APG0603SYCTT)
Added Component: Designator=L3I(APG0603SYCTT)
Added Component: Designator=L3J(APG0603SYCTT)
Added Component: Designator=L3K(APG0603SYCTT)
Added Component: Designator=L3L(APG0603SYCTT)
Added Component: Designator=L3M(APG0603SYCTT)
Added Component: Designator=L3N(APG0603SYCTT)
Added Pin To Net: NetName=GND Pin=J2-6
Added Pin To Net: NetName=NetJ1_1 Pin=J1-1
Added Pin To Net: NetName=NetJ1_1 Pin=L1A-2
Added Pin To Net: NetName=NetJ1_1 Pin=L2A-2
Added Pin To Net: NetName=NetJ1_1 Pin=L3A-2
Added Net: Name=NetJ1_1
Added Pin To Net: NetName=NetJ1_2 Pin=J1-2
Added Pin To Net: NetName=NetJ1_2 Pin=L1B-2
Added Pin To Net: NetName=NetJ1_2 Pin=L2B-2
Added Pin To Net: NetName=NetJ1_2 Pin=L3B-2
Added Net: Name=NetJ1_2
Added Pin To Net: NetName=NetJ1_3 Pin=J1-3
Added Pin To Net: NetName=NetJ1_3 Pin=L1F-2
Added Pin To Net: NetName=NetJ1_3 Pin=L2F-2
Added Pin To Net: NetName=NetJ1_3 Pin=L3F-2
Added Net: Name=NetJ1_3
Added Pin To Net: NetName=NetJ1_4 Pin=J1-4
Added Pin To Net: NetName=NetJ1_4 Pin=L1G-2
Added Pin To Net: NetName=NetJ1_4 Pin=L2G-2
Added Pin To Net: NetName=NetJ1_4 Pin=L3G-2
Added Net: Name=NetJ1_4
Added Pin To Net: NetName=NetJ1_5 Pin=J1-5
Added Pin To Net: NetName=NetJ1_5 Pin=L1H-2
Added Pin To Net: NetName=NetJ1_5 Pin=L2H-2
Added Pin To Net: NetName=NetJ1_5 Pin=L3H-2
Added Net: Name=NetJ1_5
Added Pin To Net: NetName=NetJ1_6 Pin=J1-6
Added Pin To Net: NetName=NetJ1_6 Pin=L1I-2
Added Pin To Net: NetName=NetJ1_6 Pin=L2I-2
Added Pin To Net: NetName=NetJ1_6 Pin=L3I-2
Added Net: Name=NetJ1_6
Added Pin To Net: NetName=NetJ1_7 Pin=J1-7
Added Pin To Net: NetName=NetJ1_7 Pin=L1J-2
Added Pin To Net: NetName=NetJ1_7 Pin=L2J-2
Added Pin To Net: NetName=NetJ1_7 Pin=L3J-2
Added Net: Name=NetJ1_7
Added Pin To Net: NetName=NetJ1_8 Pin=J1-8
Added Pin To Net: NetName=NetJ1_8 Pin=L1K-2
Added Pin To Net: NetName=NetJ1_8 Pin=L2K-2
Added Pin To Net: NetName=NetJ1_8 Pin=L3K-2
Added Net: Name=NetJ1_8
Added Pin To Net: NetName=NetJ1_9 Pin=J1-9
Added Pin To Net: NetName=NetJ1_9 Pin=L1C-2
Added Pin To Net: NetName=NetJ1_9 Pin=L2C-2
Added Pin To Net: NetName=NetJ1_9 Pin=L3C-2
Added Net: Name=NetJ1_9
Added Pin To Net: NetName=NetJ2_1 Pin=J2-1
Added Pin To Net: NetName=NetJ2_1 Pin=L1D-2
Added Pin To Net: NetName=NetJ2_1 Pin=L2D-2
Added Pin To Net: NetName=NetJ2_1 Pin=L3D-2
Added Net: Name=NetJ2_1
Added Pin To Net: NetName=NetJ2_2 Pin=J2-2
Added Pin To Net: NetName=NetJ2_2 Pin=L1L-2
Added Pin To Net: NetName=NetJ2_2 Pin=L2L-2
Added Pin To Net: NetName=NetJ2_2 Pin=L3L-2
Added Net: Name=NetJ2_2
Added Pin To Net: NetName=NetJ2_3 Pin=J2-3
Added Pin To Net: NetName=NetJ2_3 Pin=L1E-2
Added Pin To Net: NetName=NetJ2_3 Pin=L2E-2
Added Pin To Net: NetName=NetJ2_3 Pin=L3E-2
Added Net: Name=NetJ2_3
Added Pin To Net: NetName=NetJ2_4 Pin=J2-4
Added Pin To Net: NetName=NetJ2_4 Pin=L1N-2
Added Pin To Net: NetName=NetJ2_4 Pin=L2N-2
Added Pin To Net: NetName=NetJ2_4 Pin=L3N-2
Added Net: Name=NetJ2_4
Added Pin To Net: NetName=NetJ2_5 Pin=J2-5
Added Pin To Net: NetName=NetJ2_5 Pin=L1M-2
Added Pin To Net: NetName=NetJ2_5 Pin=L2M-2
Added Pin To Net: NetName=NetJ2_5 Pin=L3M-2
Added Net: Name=NetJ2_5
Added Pin To Net: NetName=NetJ2_7 Pin=J2-7
Added Pin To Net: NetName=NetJ2_7 Pin=L1A-1
Added Pin To Net: NetName=NetJ2_7 Pin=L1B-1
Added Pin To Net: NetName=NetJ2_7 Pin=L1C-1
Added Pin To Net: NetName=NetJ2_7 Pin=L1D-1
Added Pin To Net: NetName=NetJ2_7 Pin=L1E-1
Added Pin To Net: NetName=NetJ2_7 Pin=L1F-1
Added Pin To Net: NetName=NetJ2_7 Pin=L1G-1
Added Pin To Net: NetName=NetJ2_7 Pin=L1H-1
Added Pin To Net: NetName=NetJ2_7 Pin=L1I-1
Added Pin To Net: NetName=NetJ2_7 Pin=L1J-1
Added Pin To Net: NetName=NetJ2_7 Pin=L1K-1
Added Pin To Net: NetName=NetJ2_7 Pin=L1L-1
Added Pin To Net: NetName=NetJ2_7 Pin=L1M-1
Added Pin To Net: NetName=NetJ2_7 Pin=L1N-1
Added Net: Name=NetJ2_7
Added Pin To Net: NetName=NetJ2_8 Pin=J2-8
Added Pin To Net: NetName=NetJ2_8 Pin=L2A-1
Added Pin To Net: NetName=NetJ2_8 Pin=L2B-1
Added Pin To Net: NetName=NetJ2_8 Pin=L2C-1
Added Pin To Net: NetName=NetJ2_8 Pin=L2D-1
Added Pin To Net: NetName=NetJ2_8 Pin=L2E-1
Added Pin To Net: NetName=NetJ2_8 Pin=L2F-1
Added Pin To Net: NetName=NetJ2_8 Pin=L2G-1
Added Pin To Net: NetName=NetJ2_8 Pin=L2H-1
Added Pin To Net: NetName=NetJ2_8 Pin=L2I-1
Added Pin To Net: NetName=NetJ2_8 Pin=L2J-1
Added Pin To Net: NetName=NetJ2_8 Pin=L2K-1
Added Pin To Net: NetName=NetJ2_8 Pin=L2L-1
Added Pin To Net: NetName=NetJ2_8 Pin=L2M-1
Added Pin To Net: NetName=NetJ2_8 Pin=L2N-1
Added Net: Name=NetJ2_8
Added Pin To Net: NetName=NetJ2_9 Pin=J2-9
Added Pin To Net: NetName=NetJ2_9 Pin=L3A-1
Added Pin To Net: NetName=NetJ2_9 Pin=L3B-1
Added Pin To Net: NetName=NetJ2_9 Pin=L3C-1
Added Pin To Net: NetName=NetJ2_9 Pin=L3D-1
Added Pin To Net: NetName=NetJ2_9 Pin=L3E-1
Added Pin To Net: NetName=NetJ2_9 Pin=L3F-1
Added Pin To Net: NetName=NetJ2_9 Pin=L3G-1
Added Pin To Net: NetName=NetJ2_9 Pin=L3H-1
Added Pin To Net: NetName=NetJ2_9 Pin=L3I-1
Added Pin To Net: NetName=NetJ2_9 Pin=L3J-1
Added Pin To Net: NetName=NetJ2_9 Pin=L3K-1
Added Pin To Net: NetName=NetJ2_9 Pin=L3L-1
Added Pin To Net: NetName=NetJ2_9 Pin=L3M-1
Added Pin To Net: NetName=NetJ2_9 Pin=L3N-1
Added Net: Name=NetJ2_9
Added Class: Name=14 segment
Added Room: Name=14 segment
Added Room: Name=Faceplate_Display
