Change Physical Footprint: Designator=C1 Old Footprint=CAPC2012X145N New Footprint=CAPC2012X145N
Change Physical Footprint: Designator=C2 Old Footprint=CAPC2012X88N New Footprint=CAPC2012X88N
Change Physical Footprint: Designator=D1 Old Footprint=SOD3716X135N New Footprint=SOD3716X135N
Change Physical Footprint: Designator=DS1 Old Footprint=DIPS1524W50P254L1225H830Q10N New Footprint=DIPS1524W50P254L1225H830Q10N
Change Physical Footprint: Designator=DS2 Old Footprint=DIPS1524W50P254L1225H830Q10N New Footprint=DIPS1524W50P254L1225H830Q10N
Change Physical Footprint: Designator=DS3 Old Footprint=DIPS1524W50P254L1225H830Q10N New Footprint=DIPS1524W50P254L1225H830Q10N
Change Physical Footprint: Designator=DS4 Old Footprint=DIPS1524W50P254L1225H830Q10N New Footprint=DIPS1524W50P254L1225H830Q10N
Change Physical Footprint: Designator=DS5 Old Footprint=DIPS1524W50P254L1225H830Q10N New Footprint=DIPS1524W50P254L1225H830Q10N
Change Physical Footprint: Designator=DS6 Old Footprint=DIPS1524W50P254L1225H830Q10N New Footprint=DIPS1524W50P254L1225H830Q10N
Change Physical Footprint: Designator=DS7 Old Footprint=DIPS1524W50P254L1225H830Q10N New Footprint=DIPS1524W50P254L1225H830Q10N
Change Physical Footprint: Designator=DS8 Old Footprint=DIPS1524W50P254L1225H830Q10N New Footprint=DIPS1524W50P254L1225H830Q10N
Change Physical Footprint: Designator=DS9 Old Footprint=DIPS1524W50P254L1225H830Q10N New Footprint=DIPS1524W50P254L1225H830Q10N
Change Physical Footprint: Designator=DS10 Old Footprint=DIPS1524W50P254L1225H830Q10N New Footprint=DIPS1524W50P254L1225H830Q10N
Change Physical Footprint: Designator=IC1 Old Footprint=SOIC127P1031X264-28N New Footprint=SOIC127P1031X264-28N
Change Physical Footprint: Designator=J1 Old Footprint=SHDR4W64P0X250_1X4_1246X650X700P New Footprint=SHDR4W64P0X250_1X4_1246X650X700P
Change Physical Footprint: Designator=LED1 Old Footprint=L934LYD185HSF New Footprint=L934LYD185HSF
Change Physical Footprint: Designator=LED2 Old Footprint=L934LYD185HSF New Footprint=L934LYD185HSF
Change Physical Footprint: Designator=LED3 Old Footprint=L934LYD185HSF New Footprint=L934LYD185HSF
Change Physical Footprint: Designator=LED4 Old Footprint=L934LYD185HSF New Footprint=L934LYD185HSF
Change Physical Footprint: Designator=R1 Old Footprint=RESC2012X50N New Footprint=RESC2012X50N
Change Physical Footprint: Designator=R2 Old Footprint=RESC2012X50N New Footprint=RESC2012X50N
Change Physical Footprint: Designator=R3 Old Footprint=RESC2012X60N New Footprint=RESC2012X60N
Change Physical Footprint: Designator=R4 Old Footprint=RESC2012X60N New Footprint=RESC2012X60N
Change Physical Footprint: Designator=R5 Old Footprint=RESC2012X50N New Footprint=RESC2012X50N
Change Physical Footprint: Designator=R6 Old Footprint=RESC2012X50N New Footprint=RESC2012X50N
Change Physical Footprint: Designator=R7 Old Footprint=RESC2012X50N New Footprint=RESC2012X50N
Change Physical Footprint: Designator=R8 Old Footprint=RESC2012X60N New Footprint=RESC2012X60N
Change Physical Footprint: Designator=R9 Old Footprint=RESC2012X60N New Footprint=RESC2012X60N
Change Physical Footprint: Designator=S1 Old Footprint=SOP254P980X380-6N New Footprint=SOP254P980X380-6N
