Replace Part C9 C0805C104K4RACTU in C:\Users\Public\Documents\Altium\Projects\Time Circuit Control\Indicators & Buttons.SchDoc with C0805C104K4RACTU from SamacSys.SchLib
Replace Part C10 C0805C104K3RACTU in C:\Users\Public\Documents\Altium\Projects\Time Circuit Control\Indicators & Buttons.SchDoc with C0805C104K3RACTU from SamacSys.SchLib
Replace Part C11 C0805C104K3RACTU in C:\Users\Public\Documents\Altium\Projects\Time Circuit Control\Indicators & Buttons.SchDoc with C0805C104K3RACTU from SamacSys.SchLib
Replace Part C12 C0805C104K3RACTU in C:\Users\Public\Documents\Altium\Projects\Time Circuit Control\Indicators & Buttons.SchDoc with C0805C104K3RACTU from SamacSys.SchLib
Replace Part D1 SMD-LX5050RGB-TR in C:\Users\Public\Documents\Altium\Projects\Time Circuit Control\Indicators & Buttons.SchDoc with SMD-LX5050RGB-TR from SamacSys.SchLib
Replace Part J5 35312-0760 in C:\Users\Public\Documents\Altium\Projects\Time Circuit Control\Indicators & Buttons.SchDoc with 35312-0760 from SamacSys.SchLib
Replace Part LED3 LTH5MM12VFR4100 in C:\Users\Public\Documents\Altium\Projects\Time Circuit Control\Indicators & Buttons.SchDoc with LTH5MM12VFR4100 from SamacSys.SchLib
Replace Part LED4 LTH5MM12VFR4100 in C:\Users\Public\Documents\Altium\Projects\Time Circuit Control\Indicators & Buttons.SchDoc with LTH5MM12VFR4100 from SamacSys.SchLib
Replace Part LED5 LTH5MM12VFR4100 in C:\Users\Public\Documents\Altium\Projects\Time Circuit Control\Indicators & Buttons.SchDoc with LTH5MM12VFR4100 from SamacSys.SchLib
Replace Part LED6 LTH5MM12VFR4100 in C:\Users\Public\Documents\Altium\Projects\Time Circuit Control\Indicators & Buttons.SchDoc with LTH5MM12VFR4100 from SamacSys.SchLib
Replace Part Q1 2N7002 in C:\Users\Public\Documents\Altium\Projects\Time Circuit Control\Indicators & Buttons.SchDoc with 2N7002 from SamacSys.SchLib
Replace Part R8 CRCW080510K0FKEAHP in C:\Users\Public\Documents\Altium\Projects\Time Circuit Control\Indicators & Buttons.SchDoc with CRCW080510K0FKEAHP from SamacSys.SchLib
Replace Part R9 CRCW080510K0FKEAHP in C:\Users\Public\Documents\Altium\Projects\Time Circuit Control\Indicators & Buttons.SchDoc with CRCW080510K0FKEAHP from SamacSys.SchLib
Replace Part R10 CRCW08054K70FKEAHP in C:\Users\Public\Documents\Altium\Projects\Time Circuit Control\Indicators & Buttons.SchDoc with CRCW08054K70FKEAHP from SamacSys.SchLib
Replace Part R11 CRCW08054K70FKEAHP in C:\Users\Public\Documents\Altium\Projects\Time Circuit Control\Indicators & Buttons.SchDoc with CRCW08054K70FKEAHP from SamacSys.SchLib
Replace Part R12 CRCW080510K0FKEAHP in C:\Users\Public\Documents\Altium\Projects\Time Circuit Control\Indicators & Buttons.SchDoc with CRCW080510K0FKEAHP from SamacSys.SchLib
Replace Part R13 ERA-6VEB2201V in C:\Users\Public\Documents\Altium\Projects\Time Circuit Control\Indicators & Buttons.SchDoc with ERA-6VEB2201V from SamacSys.SchLib
Replace Part R14 ERA-6VEB2201V in C:\Users\Public\Documents\Altium\Projects\Time Circuit Control\Indicators & Buttons.SchDoc with ERA-6VEB2201V from SamacSys.SchLib
Replace Part R15 ERA-6VEB2201V in C:\Users\Public\Documents\Altium\Projects\Time Circuit Control\Indicators & Buttons.SchDoc with ERA-6VEB2201V from SamacSys.SchLib
Replace Part R16 ERA-6VEB2201V in C:\Users\Public\Documents\Altium\Projects\Time Circuit Control\Indicators & Buttons.SchDoc with ERA-6VEB2201V from SamacSys.SchLib
Replace Part S4 PMS9P1B10M2QE in C:\Users\Public\Documents\Altium\Projects\Time Circuit Control\Indicators & Buttons.SchDoc with PMS9P1B10M2QE from SamacSys.SchLib
Replace Part S5 BB15AP-FA in C:\Users\Public\Documents\Altium\Projects\Time Circuit Control\Indicators & Buttons.SchDoc with BB15AP-FA from SamacSys.SchLib
Replace Part S6 MHS12204 in C:\Users\Public\Documents\Altium\Projects\Time Circuit Control\Indicators & Buttons.SchDoc with MHS12204 from SamacSys.SchLib
