Change Component Designator: Old Designator=C2 New Designator=C9
Change Component Designator: Old Designator=C11 New Designator=C10
Change Component Designator: Old Designator=C11 New Designator=C12
Change Component Designator: Old Designator=D? New Designator=D1
Change Component Designator: Old Designator=J? New Designator=J4
Change Component Designator: Old Designator=LED3 New Designator=LED4
Change Component Designator: Old Designator=LED3 New Designator=LED5
Change Component Designator: Old Designator=LED3 New Designator=LED6
Change Component Designator: Old Designator=Q? New Designator=Q1
Change Component Designator: Old Designator=R2 New Designator=R10
Change Component Designator: Old Designator=R2 New Designator=R11
Change Component Designator: Old Designator=R3 New Designator=R8
Change Component Designator: Old Designator=R3 New Designator=R9
Change Component Designator: Old Designator=R3 New Designator=R12
Change Component Designator: Old Designator=R3 New Designator=R13
Change Component Designator: Old Designator=R3 New Designator=R14
Change Component Designator: Old Designator=R3 New Designator=R15
Change Component Designator: Old Designator=R3 New Designator=R16
Change Component Designator: Old Designator=S4 New Designator=S5
Change Component Designator: Old Designator=S4 New Designator=S6
