Removed Pin From Net: NetName=V_DD_1 Pin=C1-1
Removed Pin From Net: NetName=I2C1_SCL Pin=Q2-2
Removed Pin From Net: NetName=I2C1_SCL Pin=Q3-2
Removed Pin From Net: NetName=I2C3_SCL Pin=Q4-2
Removed Pin From Net: NetName=I2C3_SDA Pin=Q5-2
Removed Pin From Net: NetName=ADC1_IN0 Pin=R1-2
Removed Pin From Net: NetName=I2C1_SCL Pin=R17-2
Removed Pin From Net: NetName=I2C1_SCL Pin=R18-2
Removed Pin From Net: NetName=I2C3_SCL Pin=R23-2
Removed Pin From Net: NetName=I2C3_SDA Pin=R24-2
Removed Pin From Net: NetName=PB5 Pin=RN1-5
Removed Pin From Net: NetName=V_DD_1 Pin=S1-1
Removed Pin From Net: NetName=NetIC1_2 Pin=S1-2
Removed Pin From Net: NetName=NetR3_2 Pin=S1-3
Removed Pin From Net: NetName=PB5 Pin=S4-5
Added Component: Designator=C2(C0805)
Added Component: Designator=S2(SS1015SPE)
Added Pin To Net: NetName=PB5 Pin=C1-1
Added Pin To Net: NetName=V_DD_1 Pin=C1-1
Added Pin To Net: NetName=V_SS_1 Pin=C1-2
Added Pin To Net: NetName=I2C3_SCL Pin=Q2-2
Added Pin To Net: NetName=I2C3_SDA Pin=Q3-2
Added Pin To Net: NetName=I2C1_SCL Pin=Q4-2
Added Pin To Net: NetName=I2C1_SCL Pin=Q5-2
Added Pin To Net: NetName=PB5 Pin=R1-2
Added Pin To Net: NetName=I2C3_SCL Pin=R17-2
Added Pin To Net: NetName=I2C3_SDA Pin=R18-2
Added Pin To Net: NetName=I2C1_SCL Pin=R23-2
Added Pin To Net: NetName=I2C1_SCL Pin=R24-2
Added Pin To Net: NetName=ADC1_IN0 Pin=RN1-5
Added Pin To Net: NetName=PB5 Pin=S1-1
Added Pin To Net: NetName=V_SS_1 Pin=S1-2
Added Pin To Net: NetName=V_DD_1 Pin=S1-1
Added Pin To Net: NetName=NetIC1_2 Pin=S1-2
Added Pin To Net: NetName=NetR3_2 Pin=S1-3
Added Pin To Net: NetName=ADC1_IN0 Pin=S4-5
Added Member To Class: ClassName=Audio Amp & Control Member=Component C2 C0805C106K8RACTU
Added Member To Class: ClassName=Audio Amp & Control Member=Component S2 SS-10-15SPE
Added Room: Name=Audio Amp & Control
Added Room: Name=CAN Comms
Added Room: Name=Ext RTC
Added Room: Name=Keypad Controls
Added Room: Name=MCU
Added Room: Name=Power
Added Room: Name=Sound Effect Memory
Added Room: Name=TC Display & IMU
