Removed Pin From Net: NetName=V_DD_1 Pin=C1-1
Removed Pin From Net: NetName=V_SS_1 Pin=R1-3
Removed Pin From Net: NetName=V_SS_1 Pin=R1-4
Removed Pin From Net: NetName=V_SS_1 Pin=R1-5
Removed Pin From Net: NetName=V_DD_1 Pin=S1-1
Removed Pin From Net: NetName=NetIC1_2 Pin=S1-2
Removed Pin From Net: NetName=NetR3_2 Pin=S1-3
Removed Pin From Net: NetName=V_SS_1 Pin=S1-5
Removed Pin From Net: NetName=NetR4_1 Pin=S1-6
Removed Pin From Net: NetName=NetIC1_2 Pin=S1-7
Change Component DesignItemId : Designator=C1 Old DesignItemId=C0805C106K8RACTU New DesignItemId=C0805C104K3RACTU
Change Component DesignItemId : Designator=R1 Old DesignItemId=PTV09A-4025U-B103 New DesignItemId=CRCW080510K0FKEAHP
Change Component DesignItemId : Designator=S1 Old DesignItemId=SS-10-15SPE New DesignItemId=MHS12204
Change Component Footprint: Designator=C1 Old Footprint=C0805 New Footprint=CAPC2012X88N
Change Component Footprint: Designator=R1 Old Footprint=PTV09A4020FB103 New Footprint=RESC2012X60N
Change Component Footprint: Designator=S1 Old Footprint=SS1015SPE New Footprint=MHS12204
Change Component Comment : Designator=C1 Old Comment=C0805C106K8RACTU New Comment=C0805C104K3RACTU
Change Component Comment : Designator=R1 Old Comment=PTV09A-4025U-B103 New Comment=CRCW080510K0FKEAHP
Change Component Comment : Designator=S1 Old Comment=SS-10-15SPE New Comment=MHS12204
Change Component Designator: OldDesignator=C2 NewDesignator=C3
Change Component Designator: OldDesignator=C3 NewDesignator=C4
Change Component Designator: OldDesignator=C4 NewDesignator=C5
Change Component Designator: OldDesignator=C5 NewDesignator=C6
Change Component Designator: OldDesignator=C6 NewDesignator=C7
Change Component Designator: OldDesignator=C7 NewDesignator=C8
Change Component Designator: OldDesignator=C8 NewDesignator=C9
Change Component Designator: OldDesignator=C9 NewDesignator=C12
Change Component Designator: OldDesignator=C12 NewDesignator=C13
Change Component Designator: OldDesignator=C13 NewDesignator=C14
Change Component Designator: OldDesignator=C14 NewDesignator=C15
Change Component Designator: OldDesignator=C15 NewDesignator=C16
Change Component Designator: OldDesignator=C16 NewDesignator=C17
Change Component Designator: OldDesignator=C17 NewDesignator=C18
Change Component Designator: OldDesignator=C18 NewDesignator=C19
Change Component Designator: OldDesignator=C19 NewDesignator=C20
Change Component Designator: OldDesignator=C20 NewDesignator=C21
Change Component Designator: OldDesignator=C21 NewDesignator=C22
Change Component Designator: OldDesignator=C22 NewDesignator=C23
Change Component Designator: OldDesignator=S2 NewDesignator=S3
Change Component Designator: OldDesignator=S3 NewDesignator=S4
Change Component Designator: OldDesignator=S4 NewDesignator=S5
Change Component Designator: OldDesignator=S5 NewDesignator=S6
Change Component Designator: OldDesignator=S6 NewDesignator=S7
Change Component Designator: OldDesignator=S7 NewDesignator=S8
Added Component: Designator=C2(C0805)
Added Component: Designator=S2(SS1015SPE)
Added Pin To Net: NetName=ADC1_IN0 Pin=C1-1
Added Pin To Net: NetName=V_DD_1 Pin=C1-1
Added Pin To Net: NetName=V_SS_1 Pin=C1-2
Added Pin To Net: NetName=ADC1_IN0 Pin=S1-1
Added Pin To Net: NetName=V_SS_1 Pin=S1-2
Added Pin To Net: NetName=V_SS_1 Pin=S1-MH1
Added Pin To Net: NetName=V_SS_1 Pin=S1-MH2
Added Pin To Net: NetName=V_DD_1 Pin=S1-1
Added Pin To Net: NetName=NetIC1_2 Pin=S1-2
Added Pin To Net: NetName=NetR3_2 Pin=S1-3
Change Net Name : Old Net Name=NetC3_2 New Net Name=NetC4_2
Change Net Name : Old Net Name=NetC4_2 New Net Name=NetC5_2
Added Member To Class: ClassName=Audio Amp & Control Member=Component C5 C0805C473J8GACAUTO
Added Member To Class: ClassName=Audio Amp & Control Member=Component S2 SS-10-15SPE
Added Room: Name=Audio Amp & Control
Added Room: Name=CAN Comms
Added Room: Name=Ext RTC
Added Room: Name=Keypad Controls
Added Room: Name=MCU
Added Room: Name=Power
Added Room: Name=Sound Effect Memory
Added Room: Name=TC Display & IMU
