Removed Pin From Net: NetName=+3.3V BAT Pin=IC4-1
Removed Pin From Net: NetName=NetD3_2 Pin=Q2-3
Removed Pin From Net: NetName=NetD3_1 Pin=Q3-3
Removed Pin From Net: NetName=NetD4_2 Pin=Q4-3
Removed Pin From Net: NetName=NetD4_1 Pin=Q5-3
Removed Pin From Net: NetName=NetD3_2 Pin=R19-2
Removed Pin From Net: NetName=NetD4_2 Pin=R25-2
Removed Member From Class: ClassName=Power Member=C11
Removed Member From Class: ClassName=Keypad Controls Member=C24
Change Component Designator: OldDesignator=J9 NewDesignator=J10
Change Component Designator: OldDesignator=J10 NewDesignator=J11
Change Component Designator: OldDesignator=J11 NewDesignator=J12
Change Component Designator: OldDesignator=R21 NewDesignator=R22
Change Component Designator: OldDesignator=R22 NewDesignator=R24
Change Component Designator: OldDesignator=R23 NewDesignator=R25
Change Component Designator: OldDesignator=R24 NewDesignator=R26
Change Component Designator: OldDesignator=R25 NewDesignator=R27
Change Component Designator: OldDesignator=R26 NewDesignator=R28
Change Component Designator: OldDesignator=R27 NewDesignator=R30
Change Component Designator: OldDesignator=R28 NewDesignator=R32
Change Component Designator: OldDesignator=R29 NewDesignator=R33
Change Component Designator: OldDesignator=R30 NewDesignator=R34
Change Component Designator: OldDesignator=R31 NewDesignator=R35
Change Component Designator: OldDesignator=R32 NewDesignator=R36
Change Component Designator: OldDesignator=R33 NewDesignator=R37
Change Component Designator: OldDesignator=R34 NewDesignator=R38
Change Component Designator: OldDesignator=R35 NewDesignator=R39
Change Component Designator: OldDesignator=R36 NewDesignator=R40
Added Component: Designator=J9(HDRV2W66P0X254_1X2_508X254X874P)
Added Component: Designator=R21(RESC2012X50N)
Added Component: Designator=R23(RESC2012X50N)
Added Component: Designator=R29(RESC2012X50N)
Added Component: Designator=R31(RESC2012X50N)
Added Pin To Net: NetName=+3.3V BAT Pin=J9-2
Added Pin To Net: NetName=NetD3_2 Pin=R21-2
Added Pin To Net: NetName=NetD3_1 Pin=R23-2
Added Pin To Net: NetName=NetD4_2 Pin=R29-2
Added Pin To Net: NetName=NetD4_1 Pin=R31-2
Change Net Name : Old Net Name=3.3V New Net Name=V_DD_1
Change Net Name : Old Net Name=GND New Net Name=V_SS_1
Added Pin To Net: NetName=NetIC4_1 Pin=IC4-1
Added Pin To Net: NetName=NetIC4_1 Pin=J9-1
Added Net: Name=NetIC4_1
Added Pin To Net: NetName=NetQ2_3 Pin=Q2-3
Added Pin To Net: NetName=NetQ2_3 Pin=R19-2
Added Pin To Net: NetName=NetQ2_3 Pin=R21-1
Added Net: Name=NetQ2_3
Added Pin To Net: NetName=NetQ3_3 Pin=Q3-3
Added Pin To Net: NetName=NetQ3_3 Pin=R23-1
Added Net: Name=NetQ3_3
Added Pin To Net: NetName=NetQ4_3 Pin=Q4-3
Added Pin To Net: NetName=NetQ4_3 Pin=R27-2
Added Pin To Net: NetName=NetQ4_3 Pin=R29-1
Added Net: Name=NetQ4_3
Added Pin To Net: NetName=NetQ5_3 Pin=Q5-3
Added Pin To Net: NetName=NetQ5_3 Pin=R31-1
Added Net: Name=NetQ5_3
Added Member To Class: ClassName=Power Member=Component C10 C0805C104K3RACTU
Added Member To Class: ClassName=MCU Member=Component J12 M20-9990246
Added Member To Class: ClassName=TC Display & IMU Member=Component R29 CRCW0805100RFKEAHP
Added Member To Class: ClassName=TC Display & IMU Member=Component R30 CRCW0805100RFKEAHP
Added Member To Class: ClassName=TC Display & IMU Member=Component R31 CRCW0805100RFKEAHP
Added Member To Class: ClassName=TC Display & IMU Member=Component R32 CRCW0805100RFKEAHP
Added Room: Name=Audio Amp & Control
Added Room: Name=CAN Comms
Added Room: Name=Ext RTC
Added Room: Name=Keypad Controls
Added Room: Name=MCU
Added Room: Name=Power
Added Room: Name=Sound Effect Memory
Added Room: Name=TC Display & IMU
