Removed Member From Class: ClassName=Keypad Controls Member=C24
Added Component: Designator=C11(CAPC2012X88N)
Added Component: Designator=D2(SMDLX5050RGBTR)
Added Pin To Net: NetName=+3.3V BAT Pin=C10-1
Added Pin To Net: NetName=+3.3V BAT Pin=D1-1
Added Pin To Net: NetName=+3.3V BAT Pin=IC3-14
Added Pin To Net: NetName=+3.3V BAT Pin=IC4-1
Added Pin To Net: NetName=+3.3V BAT Pin=J3-1
Added Net: Name=+3.3V BAT
Added Pin To Net: NetName=+5V Pin=C6-1
Added Pin To Net: NetName=+5V Pin=C8-1
Added Pin To Net: NetName=+5V Pin=C13-1
Added Pin To Net: NetName=+5V Pin=DC1-1
Added Pin To Net: NetName=+5V Pin=DC1-3
Added Pin To Net: NetName=+5V Pin=IC2-3
Added Pin To Net: NetName=+5V Pin=J4-2
Added Pin To Net: NetName=+5V Pin=J6-4
Added Pin To Net: NetName=+5V Pin=J7-5
Added Pin To Net: NetName=+5V Pin=R6-1
Added Pin To Net: NetName=+5V Pin=R11-1
Added Pin To Net: NetName=+5V Pin=R13-1
Added Pin To Net: NetName=+5V Pin=R14-1
Added Pin To Net: NetName=+5V Pin=R15-1
Added Pin To Net: NetName=+5V Pin=R19-1
Added Pin To Net: NetName=+5V Pin=R20-1
Added Pin To Net: NetName=+5V Pin=R25-1
Added Pin To Net: NetName=+5V Pin=R26-1
Added Net: Name=+5V
Added Pin To Net: NetName=ADC1_IN0 Pin=IC4-14
Added Pin To Net: NetName=ADC1_IN0 Pin=RN1-5
Added Pin To Net: NetName=ADC1_IN0 Pin=S4-5
Added Net: Name=ADC1_IN0
Added Pin To Net: NetName=CAN_H Pin=IC2-7
Added Pin To Net: NetName=CAN_H Pin=J2-2
Added Pin To Net: NetName=CAN_H Pin=S3-1
Added Net: Name=CAN_H
Added Pin To Net: NetName=CAN_L Pin=IC2-6
Added Pin To Net: NetName=CAN_L Pin=J2-3
Added Pin To Net: NetName=CAN_L Pin=R5-1
Added Net: Name=CAN_L
Added Pin To Net: NetName=CAN_RX Pin=IC2-4
Added Pin To Net: NetName=CAN_RX Pin=IC4-44
Added Net: Name=CAN_RX
Added Pin To Net: NetName=CAN_TX Pin=IC2-1
Added Pin To Net: NetName=CAN_TX Pin=IC4-45
Added Net: Name=CAN_TX
Added Pin To Net: NetName=I2C1_SCL Pin=IC4-58
Added Pin To Net: NetName=I2C1_SCL Pin=Q4-2
Added Pin To Net: NetName=I2C1_SCL Pin=R23-2
Added Net: Name=I2C1_SCL
Added Pin To Net: NetName=I2C1_SDA Pin=IC4-59
Added Pin To Net: NetName=I2C1_SDA Pin=Q5-2
Added Pin To Net: NetName=I2C1_SDA Pin=R24-2
Added Net: Name=I2C1_SDA
Added Pin To Net: NetName=I2C2_SCL Pin=IC3-16
Added Pin To Net: NetName=I2C2_SCL Pin=IC4-29
Added Net: Name=I2C2_SCL
Added Pin To Net: NetName=I2C2_SDA Pin=IC3-15
Added Pin To Net: NetName=I2C2_SDA Pin=IC4-30
Added Net: Name=I2C2_SDA
Added Pin To Net: NetName=I2C3_SCL Pin=IC4-41
Added Pin To Net: NetName=I2C3_SCL Pin=Q2-2
Added Pin To Net: NetName=I2C3_SCL Pin=R17-2
Added Net: Name=I2C3_SCL
Added Pin To Net: NetName=I2C3_SDA Pin=IC4-40
Added Pin To Net: NetName=I2C3_SDA Pin=Q3-2
Added Pin To Net: NetName=I2C3_SDA Pin=R18-2
Added Net: Name=I2C3_SDA
Added Pin To Net: NetName=I2S2_CK Pin=IC1-14
Added Pin To Net: NetName=I2S2_CK Pin=IC4-34
Added Net: Name=I2S2_CK
Added Pin To Net: NetName=I2S2_EXT_SD Pin=IC1-4
Added Pin To Net: NetName=I2S2_EXT_SD Pin=IC4-35
Added Pin To Net: NetName=I2S2_EXT_SD Pin=R2-1
Added Net: Name=I2S2_EXT_SD
Added Pin To Net: NetName=I2S2_SD Pin=IC1-1
Added Pin To Net: NetName=I2S2_SD Pin=IC4-36
Added Net: Name=I2S2_SD
Added Pin To Net: NetName=I2S2_WS Pin=IC1-16
Added Pin To Net: NetName=I2S2_WS Pin=IC4-33
Added Net: Name=I2S2_WS
Added Pin To Net: NetName=JTCK-SWCLK Pin=IC4-49
Added Pin To Net: NetName=JTCK-SWCLK Pin=J9-4
Added Net: Name=JTCK-SWCLK
Added Pin To Net: NetName=JTDI Pin=IC4-50
Added Pin To Net: NetName=JTDI Pin=J9-8
Added Net: Name=JTDI
Added Pin To Net: NetName=JTDO-TRACESWO Pin=IC4-55
Added Pin To Net: NetName=JTDO-TRACESWO Pin=J9-6
Added Net: Name=JTDO-TRACESWO
Added Pin To Net: NetName=JTMS-SWDIO Pin=IC4-46
Added Pin To Net: NetName=JTMS-SWDIO Pin=J9-2
Added Net: Name=JTMS-SWDIO
Added Pin To Net: NetName=NetC4_2 Pin=C4-2
Added Pin To Net: NetName=NetC4_2 Pin=J1-1
Added Pin To Net: NetName=NetC4_2 Pin=L1-2
Added Net: Name=NetC4_2
Added Pin To Net: NetName=NetC5_2 Pin=C5-2
Added Pin To Net: NetName=NetC5_2 Pin=J1-2
Added Pin To Net: NetName=NetC5_2 Pin=L2-2
Added Net: Name=NetC5_2
Added Pin To Net: NetName=NetD2_3 Pin=Q1-3
Added Pin To Net: NetName=NetD2_3 Pin=R11-2
Added Net: Name=NetD2_3
Added Pin To Net: NetName=NetD3_1 Pin=D3-1
Added Pin To Net: NetName=NetD3_1 Pin=Q3-3
Added Pin To Net: NetName=NetD3_1 Pin=R20-2
Added Pin To Net: NetName=NetD3_1 Pin=R22-1
Added Net: Name=NetD3_1
Added Pin To Net: NetName=NetD3_2 Pin=D3-2
Added Pin To Net: NetName=NetD3_2 Pin=Q2-3
Added Pin To Net: NetName=NetD3_2 Pin=R19-2
Added Pin To Net: NetName=NetD3_2 Pin=R21-1
Added Net: Name=NetD3_2
Added Pin To Net: NetName=NetD4_1 Pin=D4-1
Added Pin To Net: NetName=NetD4_1 Pin=Q5-3
Added Pin To Net: NetName=NetD4_1 Pin=R26-2
Added Pin To Net: NetName=NetD4_1 Pin=R28-1
Added Net: Name=NetD4_1
Added Pin To Net: NetName=NetD4_2 Pin=D4-2
Added Pin To Net: NetName=NetD4_2 Pin=Q4-3
Added Pin To Net: NetName=NetD4_2 Pin=R25-2
Added Pin To Net: NetName=NetD4_2 Pin=R27-1
Added Net: Name=NetD4_2
Added Pin To Net: NetName=NetIC1_2 Pin=IC1-2
Added Pin To Net: NetName=NetIC1_2 Pin=S2-2
Added Pin To Net: NetName=NetIC1_2 Pin=S2-7
Added Net: Name=NetIC1_2
Added Pin To Net: NetName=NetIC1_9 Pin=IC1-9
Added Pin To Net: NetName=NetIC1_9 Pin=L2-1
Added Net: Name=NetIC1_9
Added Pin To Net: NetName=NetIC1_10 Pin=IC1-10
Added Pin To Net: NetName=NetIC1_10 Pin=L1-1
Added Net: Name=NetIC1_10
Added Pin To Net: NetName=NetIC4_3 Pin=IC4-3
Added Net: Name=NetIC4_3
Added Pin To Net: NetName=NetIC4_4 Pin=IC4-4
Added Net: Name=NetIC4_4
Added Pin To Net: NetName=NetIC4_28 Pin=IC4-28
Added Net: Name=NetIC4_28
Added Pin To Net: NetName=NetJ6_2 Pin=J6-2
Added Pin To Net: NetName=NetJ6_2 Pin=R22-2
Added Net: Name=NetJ6_2
Added Pin To Net: NetName=NetJ6_3 Pin=J6-3
Added Pin To Net: NetName=NetJ6_3 Pin=R21-2
Added Net: Name=NetJ6_3
Added Pin To Net: NetName=NetJ7_3 Pin=J7-3
Added Pin To Net: NetName=NetJ7_3 Pin=R28-2
Added Net: Name=NetJ7_3
Added Pin To Net: NetName=NetJ7_4 Pin=J7-4
Added Pin To Net: NetName=NetJ7_4 Pin=R27-2
Added Net: Name=NetJ7_4
Added Pin To Net: NetName=NetJ8_P1 Pin=J8-P1
Added Pin To Net: NetName=NetJ8_P1 Pin=R30-2
Added Net: Name=NetJ8_P1
Added Pin To Net: NetName=NetJ8_P8 Pin=J8-P8
Added Pin To Net: NetName=NetJ8_P8 Pin=R34-2
Added Net: Name=NetJ8_P8
Added Pin To Net: NetName=NetLED1_2 Pin=LED1-2
Added Pin To Net: NetName=NetLED1_2 Pin=R6-2
Added Net: Name=NetLED1_2
Added Pin To Net: NetName=NetLED2_2 Pin=LED2-2
Added Pin To Net: NetName=NetLED2_2 Pin=R7-2
Added Net: Name=NetLED2_2
Added Pin To Net: NetName=NetLED3_1 Pin=LED3-1
Added Pin To Net: NetName=NetLED3_1 Pin=R13-2
Added Net: Name=NetLED3_1
Added Pin To Net: NetName=NetLED4_1 Pin=LED4-1
Added Pin To Net: NetName=NetLED4_1 Pin=R14-2
Added Net: Name=NetLED4_1
Added Pin To Net: NetName=NetLED5_1 Pin=LED5-1
Added Pin To Net: NetName=NetLED5_1 Pin=R15-2
Added Net: Name=NetLED5_1
Added Pin To Net: NetName=NetLED6_1 Pin=LED6-1
Added Pin To Net: NetName=NetLED6_1 Pin=R16-2
Added Net: Name=NetLED6_1
Added Pin To Net: NetName=NetR3_2 Pin=R3-2
Added Pin To Net: NetName=NetR3_2 Pin=S2-3
Added Net: Name=NetR3_2
Added Pin To Net: NetName=NetR4_1 Pin=R4-1
Added Pin To Net: NetName=NetR4_1 Pin=S2-6
Added Net: Name=NetR4_1
Added Pin To Net: NetName=NetR5_2 Pin=R5-2
Added Pin To Net: NetName=NetR5_2 Pin=S3-2
Added Net: Name=NetR5_2
Added Pin To Net: NetName=NJTRST Pin=IC4-56
Added Net: Name=NJTRST
Added Pin To Net: NetName=NRST Pin=C23-1
Added Pin To Net: NetName=NRST Pin=IC4-7
Added Pin To Net: NetName=NRST Pin=J9-10
Added Pin To Net: NetName=NRST Pin=R36-2
Added Pin To Net: NetName=NRST Pin=S8-1
Added Pin To Net: NetName=NRST Pin=S8-2
Added Net: Name=NRST
Added Pin To Net: NetName=OSC_IN Pin=IC4-5
Added Pin To Net: NetName=OSC_IN Pin=Y1-1
Added Net: Name=OSC_IN
Added Pin To Net: NetName=OSC_OUT Pin=IC4-6
Added Pin To Net: NetName=OSC_OUT Pin=Y1-3
Added Net: Name=OSC_OUT
Added Pin To Net: NetName=PA1 Pin=IC4-15
Added Pin To Net: NetName=PA1 Pin=J5-7
Added Net: Name=PA1
Added Pin To Net: NetName=PA4 Pin=IC4-20
Added Pin To Net: NetName=PA4 Pin=J5-5
Added Net: Name=PA4
Added Pin To Net: NetName=PB0 Pin=IC4-25
Added Pin To Net: NetName=PB0 Pin=J8-P2
Added Pin To Net: NetName=PB0 Pin=R31-2
Added Net: Name=PB0
Added Pin To Net: NetName=PB1 Pin=IC4-26
Added Pin To Net: NetName=PB1 Pin=J8-P9
Added Pin To Net: NetName=PB1 Pin=R35-2
Added Net: Name=PB1
Added Pin To Net: NetName=PB2 Pin=C12-1
Added Pin To Net: NetName=PB2 Pin=IC4-27
Added Pin To Net: NetName=PB2 Pin=R9-2
Added Pin To Net: NetName=PB2 Pin=S6-2
Added Net: Name=PB2
Added Pin To Net: NetName=PB5 Pin=C14-1
Added Pin To Net: NetName=PB5 Pin=IC4-57
Added Pin To Net: NetName=PB5 Pin=R12-2
Added Pin To Net: NetName=PB5 Pin=S7-1
Added Net: Name=PB5
Added Pin To Net: NetName=PB8 Pin=IC3-4
Added Pin To Net: NetName=PB8 Pin=IC4-61
Added Net: Name=PB8
Added Pin To Net: NetName=PB9 Pin=IC3-3
Added Pin To Net: NetName=PB9 Pin=IC4-62
Added Pin To Net: NetName=PB9 Pin=R29-1
Added Net: Name=PB9
Added Pin To Net: NetName=PC0 Pin=IC4-8
Added Pin To Net: NetName=PC0 Pin=J5-1
Added Net: Name=PC0
Added Pin To Net: NetName=PC1 Pin=IC4-9
Added Pin To Net: NetName=PC1 Pin=J5-2
Added Net: Name=PC1
Added Pin To Net: NetName=PC2 Pin=IC4-10
Added Pin To Net: NetName=PC2 Pin=J5-3
Added Net: Name=PC2
Added Pin To Net: NetName=PC3 Pin=IC4-11
Added Pin To Net: NetName=PC3 Pin=J5-4
Added Net: Name=PC3
Added Pin To Net: NetName=PC4 Pin=IC4-24
Added Pin To Net: NetName=PC4 Pin=J5-6
Added Net: Name=PC4
Added Pin To Net: NetName=PC6 Pin=IC4-37
Added Pin To Net: NetName=PC6 Pin=RN1-8
Added Pin To Net: NetName=PC6 Pin=S4-8
Added Net: Name=PC6
Added Pin To Net: NetName=PC7 Pin=IC4-38
Added Pin To Net: NetName=PC7 Pin=RN1-7
Added Pin To Net: NetName=PC7 Pin=S4-7
Added Net: Name=PC7
Added Pin To Net: NetName=PC8 Pin=IC4-39
Added Pin To Net: NetName=PC8 Pin=RN1-6
Added Pin To Net: NetName=PC8 Pin=S4-6
Added Net: Name=PC8
Added Pin To Net: NetName=PC10 Pin=C1-1
Added Pin To Net: NetName=PC10 Pin=IC4-51
Added Pin To Net: NetName=PC10 Pin=R1-2
Added Pin To Net: NetName=PC10 Pin=S1-1
Added Net: Name=PC10
Added Pin To Net: NetName=PC11 Pin=C10-1
Added Pin To Net: NetName=PC11 Pin=IC4-52
Added Pin To Net: NetName=PC11 Pin=R8-2
Added Pin To Net: NetName=PC11 Pin=S5-1
Added Net: Name=PC11
Added Pin To Net: NetName=PC12 Pin=IC4-53
Added Pin To Net: NetName=PC12 Pin=Q1-2
Added Pin To Net: NetName=PC12 Pin=R10-2
Added Net: Name=PC12
Added Pin To Net: NetName=PC13 Pin=IC4-2
Added Pin To Net: NetName=PC13 Pin=R16-1
Added Net: Name=PC13
Added Pin To Net: NetName=PD2 Pin=IC4-54
Added Pin To Net: NetName=PD2 Pin=J7-2
Added Net: Name=PD2
Added Pin To Net: NetName=SPI1_MISO Pin=IC4-22
Added Pin To Net: NetName=SPI1_MISO Pin=J8-P7
Added Pin To Net: NetName=SPI1_MISO Pin=R33-2
Added Net: Name=SPI1_MISO
Added Pin To Net: NetName=SPI1_MOSI Pin=IC4-23
Added Pin To Net: NetName=SPI1_MOSI Pin=J8-P3
Added Pin To Net: NetName=SPI1_MOSI Pin=R32-2
Added Net: Name=SPI1_MOSI
Added Pin To Net: NetName=SPI1_SCK Pin=IC4-21
Added Pin To Net: NetName=SPI1_SCK Pin=J8-P5
Added Net: Name=SPI1_SCK
Added Pin To Net: NetName=USART1_RX Pin=IC4-43
Added Pin To Net: NetName=USART1_RX Pin=J10-2
Added Net: Name=USART1_RX
Added Pin To Net: NetName=USART1_TX Pin=IC4-42
Added Pin To Net: NetName=USART1_TX Pin=J10-1
Added Net: Name=USART1_TX
Added Pin To Net: NetName=USART2_RX Pin=IC4-17
Added Pin To Net: NetName=USART2_RX Pin=J11-2
Added Net: Name=USART2_RX
Added Pin To Net: NetName=USART2_TX Pin=IC4-16
Added Pin To Net: NetName=USART2_TX Pin=J11-1
Added Net: Name=USART2_TX
Added Pin To Net: NetName=V_DD_1 Pin=C2-1
Added Pin To Net: NetName=V_DD_1 Pin=C3-1
Added Pin To Net: NetName=V_DD_1 Pin=C7-1
Added Pin To Net: NetName=V_DD_1 Pin=C9-1
Added Pin To Net: NetName=V_DD_1 Pin=C15-1
Added Pin To Net: NetName=V_DD_1 Pin=C16-1
Added Pin To Net: NetName=V_DD_1 Pin=C17-1
Added Pin To Net: NetName=V_DD_1 Pin=C18-1
Added Pin To Net: NetName=V_DD_1 Pin=C19-1
Added Pin To Net: NetName=V_DD_1 Pin=C20-1
Added Pin To Net: NetName=V_DD_1 Pin=C21-1
Added Pin To Net: NetName=V_DD_1 Pin=C22-1
Added Pin To Net: NetName=V_DD_1 Pin=C24-1
Added Pin To Net: NetName=V_DD_1 Pin=D1-2
Added Pin To Net: NetName=V_DD_1 Pin=DC1-5
Added Pin To Net: NetName=V_DD_1 Pin=IC1-7
Added Pin To Net: NetName=V_DD_1 Pin=IC1-8
Added Pin To Net: NetName=V_DD_1 Pin=IC2-5
Added Pin To Net: NetName=V_DD_1 Pin=IC3-2
Added Pin To Net: NetName=V_DD_1 Pin=IC4-13
Added Pin To Net: NetName=V_DD_1 Pin=IC4-19
Added Pin To Net: NetName=V_DD_1 Pin=IC4-32
Added Pin To Net: NetName=V_DD_1 Pin=IC4-48
Added Pin To Net: NetName=V_DD_1 Pin=IC4-64
Added Pin To Net: NetName=V_DD_1 Pin=J8-P4
Added Pin To Net: NetName=V_DD_1 Pin=J9-1
Added Pin To Net: NetName=V_DD_1 Pin=Q1-1
Added Pin To Net: NetName=V_DD_1 Pin=Q2-1
Added Pin To Net: NetName=V_DD_1 Pin=Q3-1
Added Pin To Net: NetName=V_DD_1 Pin=Q4-1
Added Pin To Net: NetName=V_DD_1 Pin=Q5-1
Added Pin To Net: NetName=V_DD_1 Pin=R1-1
Added Pin To Net: NetName=V_DD_1 Pin=R2-2
Added Pin To Net: NetName=V_DD_1 Pin=R3-1
Added Pin To Net: NetName=V_DD_1 Pin=R7-1
Added Pin To Net: NetName=V_DD_1 Pin=R8-1
Added Pin To Net: NetName=V_DD_1 Pin=R9-1
Added Pin To Net: NetName=V_DD_1 Pin=R10-1
Added Pin To Net: NetName=V_DD_1 Pin=R12-1
Added Pin To Net: NetName=V_DD_1 Pin=R17-1
Added Pin To Net: NetName=V_DD_1 Pin=R18-1
Added Pin To Net: NetName=V_DD_1 Pin=R23-1
Added Pin To Net: NetName=V_DD_1 Pin=R24-1
Added Pin To Net: NetName=V_DD_1 Pin=R29-2
Added Pin To Net: NetName=V_DD_1 Pin=R30-1
Added Pin To Net: NetName=V_DD_1 Pin=R31-1
Added Pin To Net: NetName=V_DD_1 Pin=R32-1
Added Pin To Net: NetName=V_DD_1 Pin=R33-1
Added Pin To Net: NetName=V_DD_1 Pin=R34-1
Added Pin To Net: NetName=V_DD_1 Pin=R35-1
Added Pin To Net: NetName=V_DD_1 Pin=R36-1
Added Pin To Net: NetName=V_DD_1 Pin=S2-1
Added Pin To Net: NetName=V_DD_1 Pin=S4-1
Added Pin To Net: NetName=V_DD_1 Pin=S4-2
Added Pin To Net: NetName=V_DD_1 Pin=S4-3
Added Pin To Net: NetName=V_DD_1 Pin=S4-4
Added Net: Name=V_DD_1
Added Pin To Net: NetName=V_SS_1 Pin=C1-2
Added Pin To Net: NetName=V_SS_1 Pin=C2-2
Added Pin To Net: NetName=V_SS_1 Pin=C3-2
Added Pin To Net: NetName=V_SS_1 Pin=C4-1
Added Pin To Net: NetName=V_SS_1 Pin=C5-1
Added Pin To Net: NetName=V_SS_1 Pin=C6-2
Added Pin To Net: NetName=V_SS_1 Pin=C7-2
Added Pin To Net: NetName=V_SS_1 Pin=C8-2
Added Pin To Net: NetName=V_SS_1 Pin=C9-2
Added Pin To Net: NetName=V_SS_1 Pin=C10-2
Added Pin To Net: NetName=V_SS_1 Pin=C10-2
Added Pin To Net: NetName=V_SS_1 Pin=C12-2
Added Pin To Net: NetName=V_SS_1 Pin=C13-2
Added Pin To Net: NetName=V_SS_1 Pin=C14-2
Added Pin To Net: NetName=V_SS_1 Pin=C15-2
Added Pin To Net: NetName=V_SS_1 Pin=C16-2
Added Pin To Net: NetName=V_SS_1 Pin=C17-2
Added Pin To Net: NetName=V_SS_1 Pin=C18-2
Added Pin To Net: NetName=V_SS_1 Pin=C19-2
Added Pin To Net: NetName=V_SS_1 Pin=C20-2
Added Pin To Net: NetName=V_SS_1 Pin=C21-2
Added Pin To Net: NetName=V_SS_1 Pin=C22-2
Added Pin To Net: NetName=V_SS_1 Pin=C23-2
Added Pin To Net: NetName=V_SS_1 Pin=C24-2
Added Pin To Net: NetName=V_SS_1 Pin=D1-1
Added Pin To Net: NetName=V_SS_1 Pin=D3-3
Added Pin To Net: NetName=V_SS_1 Pin=D4-3
Added Pin To Net: NetName=V_SS_1 Pin=DC1-2
Added Pin To Net: NetName=V_SS_1 Pin=IC1-3
Added Pin To Net: NetName=V_SS_1 Pin=IC1-11
Added Pin To Net: NetName=V_SS_1 Pin=IC1-15
Added Pin To Net: NetName=V_SS_1 Pin=IC1-17
Added Pin To Net: NetName=V_SS_1 Pin=IC2-2
Added Pin To Net: NetName=V_SS_1 Pin=IC2-8
Added Pin To Net: NetName=V_SS_1 Pin=IC3-5
Added Pin To Net: NetName=V_SS_1 Pin=IC3-6
Added Pin To Net: NetName=V_SS_1 Pin=IC3-7
Added Pin To Net: NetName=V_SS_1 Pin=IC3-8
Added Pin To Net: NetName=V_SS_1 Pin=IC3-9
Added Pin To Net: NetName=V_SS_1 Pin=IC3-10
Added Pin To Net: NetName=V_SS_1 Pin=IC3-11
Added Pin To Net: NetName=V_SS_1 Pin=IC3-12
Added Pin To Net: NetName=V_SS_1 Pin=IC3-13
Added Pin To Net: NetName=V_SS_1 Pin=IC4-12
Added Pin To Net: NetName=V_SS_1 Pin=IC4-18
Added Pin To Net: NetName=V_SS_1 Pin=IC4-31
Added Pin To Net: NetName=V_SS_1 Pin=IC4-47
Added Pin To Net: NetName=V_SS_1 Pin=IC4-60
Added Pin To Net: NetName=V_SS_1 Pin=IC4-63
Added Pin To Net: NetName=V_SS_1 Pin=J2-1
Added Pin To Net: NetName=V_SS_1 Pin=J3-2
Added Pin To Net: NetName=V_SS_1 Pin=J4-1
Added Pin To Net: NetName=V_SS_1 Pin=J6-1
Added Pin To Net: NetName=V_SS_1 Pin=J7-1
Added Pin To Net: NetName=V_SS_1 Pin=J8-MP1
Added Pin To Net: NetName=V_SS_1 Pin=J8-MP2
Added Pin To Net: NetName=V_SS_1 Pin=J8-MP3
Added Pin To Net: NetName=V_SS_1 Pin=J8-MP4
Added Pin To Net: NetName=V_SS_1 Pin=J8-P6
Added Pin To Net: NetName=V_SS_1 Pin=J9-3
Added Pin To Net: NetName=V_SS_1 Pin=J9-5
Added Pin To Net: NetName=V_SS_1 Pin=J9-9
Added Pin To Net: NetName=V_SS_1 Pin=LED1-1
Added Pin To Net: NetName=V_SS_1 Pin=LED2-1
Added Pin To Net: NetName=V_SS_1 Pin=LED3-2
Added Pin To Net: NetName=V_SS_1 Pin=LED4-2
Added Pin To Net: NetName=V_SS_1 Pin=LED5-2
Added Pin To Net: NetName=V_SS_1 Pin=LED6-2
Added Pin To Net: NetName=V_SS_1 Pin=R4-2
Added Pin To Net: NetName=V_SS_1 Pin=RN1-1
Added Pin To Net: NetName=V_SS_1 Pin=RN1-2
Added Pin To Net: NetName=V_SS_1 Pin=RN1-3
Added Pin To Net: NetName=V_SS_1 Pin=RN1-4
Added Pin To Net: NetName=V_SS_1 Pin=S1-2
Added Pin To Net: NetName=V_SS_1 Pin=S1-MH1
Added Pin To Net: NetName=V_SS_1 Pin=S1-MH2
Added Pin To Net: NetName=V_SS_1 Pin=S2-5
Added Pin To Net: NetName=V_SS_1 Pin=S5-3
Added Pin To Net: NetName=V_SS_1 Pin=S6-1
Added Pin To Net: NetName=V_SS_1 Pin=S7-2
Added Pin To Net: NetName=V_SS_1 Pin=S7-MH1
Added Pin To Net: NetName=V_SS_1 Pin=S7-MH2
Added Pin To Net: NetName=V_SS_1 Pin=S8-3
Added Pin To Net: NetName=V_SS_1 Pin=S8-4
Added Pin To Net: NetName=V_SS_1 Pin=Y1-2
Added Net: Name=V_SS_1
