Removed Pin From Net: NetName=PC6 Pin=J8-P2
Removed Pin From Net: NetName=PC7 Pin=J8-P9
Removed Pin From Net: NetName=PC6 Pin=R31-2
Removed Pin From Net: NetName=PC7 Pin=R35-2
Removed Pin From Net: NetName=PB1 Pin=RN1-7
Removed Pin From Net: NetName=PB0 Pin=RN1-8
Removed Pin From Net: NetName=PB1 Pin=S3-7
Removed Pin From Net: NetName=PB0 Pin=S3-8
Added Pin To Net: NetName=PB0 Pin=J8-P2
Added Pin To Net: NetName=PB1 Pin=J8-P9
Added Pin To Net: NetName=PB0 Pin=R31-2
Added Pin To Net: NetName=PB1 Pin=R35-2
Added Pin To Net: NetName=PC7 Pin=RN1-7
Added Pin To Net: NetName=PC6 Pin=RN1-8
Added Pin To Net: NetName=PC7 Pin=S3-7
Added Pin To Net: NetName=PC6 Pin=S3-8
Added Room: Name=Audio Amp & Control
Added Room: Name=CAN Comms
Added Room: Name=Ext RTC
Added Room: Name=Keypad Controls
Added Room: Name=MCU
Added Room: Name=Power
Added Room: Name=Sound Effect Memory
Added Room: Name=TC Display & IMU
