Removed Pin From Net: NetName=V_DD_1 Pin=R21-1
Removed Pin From Net: NetName=V_DD_1 Pin=R22-1
Removed Pin From Net: NetName=V_DD_1 Pin=R27-1
Removed Pin From Net: NetName=V_DD_1 Pin=R28-1
Removed Member From Class: ClassName=TC Display & IMU Member=R29
Removed Member From Class: ClassName=TC Display & IMU Member=R34
Added Component: Designator=R23(RESC2012X50N)
Added Component: Designator=R24(RESC2012X50N)
Added Component: Designator=R31(RESC2012X50N)
Added Component: Designator=R32(RESC2012X50N)
Added Pin To Net: NetName=NetD2_2 Pin=R21-1
Added Pin To Net: NetName=NetD2_1 Pin=R22-1
Added Pin To Net: NetName=V_DD_1 Pin=R21-1
Added Pin To Net: NetName=I2C2_SCL Pin=R21-2
Added Pin To Net: NetName=V_DD_1 Pin=R22-1
Added Pin To Net: NetName=I2C2_SDA Pin=R22-2
Added Pin To Net: NetName=NetD3_2 Pin=R27-1
Added Pin To Net: NetName=NetD3_1 Pin=R28-1
Added Pin To Net: NetName=V_DD_1 Pin=R27-1
Added Pin To Net: NetName=PA1 Pin=R27-2
Added Pin To Net: NetName=V_DD_1 Pin=R28-1
Added Pin To Net: NetName=SPI1_MOSI Pin=R28-2
Added Member To Class: ClassName=TC Display & IMU Member=Component R23 CRCW08054K70FKEAHP
Added Member To Class: ClassName=TC Display & IMU Member=Component R24 CRCW08054K70FKEAHP
