Removed Pin From Net: NetName=V_SS_1 Pin=J2-1
Removed Pin From Net: NetName=CAN_L Pin=J2-2
Removed Pin From Net: NetName=CAN_H Pin=J2-3
Removed Pin From Net: NetName=V_SS_1 Pin=J2-MP1
Removed Pin From Net: NetName=V_SS_1 Pin=J2-MP2
Removed Pin From Net: NetName=+5V Pin=J4-1
Removed Pin From Net: NetName=V_SS_1 Pin=J4-2
Removed Pin From Net: NetName=+5V Pin=J6-1
Removed Pin From Net: NetName=V_SS_1 Pin=J6-4
Removed Pin From Net: NetName=+5V Pin=J7-1
Removed Pin From Net: NetName=PD2 Pin=J7-4
Removed Pin From Net: NetName=V_SS_1 Pin=J7-5
Removed Pin From Net: NetName=NetJ6_2 Pin=R21-2
Removed Pin From Net: NetName=NetJ6_3 Pin=R22-2
Removed Pin From Net: NetName=V_DD_1 Pin=R27-1
Removed Pin From Net: NetName=PA1 Pin=R27-2
Removed Pin From Net: NetName=V_DD_1 Pin=R28-1
Removed Pin From Net: NetName=SPI1_MOSI Pin=R28-2
Removed Member From Class: ClassName=CAN Comms Member=J2
Added Component: Designator=J6(SHDR4W64P0X250_1X4_1246X650X700P)
Added Component: Designator=R31(RESC2012X50N)
Added Component: Designator=R32(RESC2012X50N)
Added Pin To Net: NetName=V_SS_1 Pin=J4-1
Added Pin To Net: NetName=+5V Pin=J4-2
Added Pin To Net: NetName=V_SS_1 Pin=J6-1
Added Pin To Net: NetName=V_SS_1 Pin=J6-1
Added Pin To Net: NetName=CAN_H Pin=J6-2
Added Pin To Net: NetName=CAN_L Pin=J6-3
Added Pin To Net: NetName=+5V Pin=J6-4
Added Pin To Net: NetName=V_SS_1 Pin=J7-1
Added Pin To Net: NetName=PD2 Pin=J7-2
Added Pin To Net: NetName=+5V Pin=J7-5
Added Pin To Net: NetName=NetJ6_3 Pin=R21-2
Added Pin To Net: NetName=NetJ6_2 Pin=R22-2
Added Pin To Net: NetName=NetD3_2 Pin=R27-1
Added Pin To Net: NetName=NetD3_1 Pin=R28-1
Added Pin To Net: NetName=NetJ7_3 Pin=R28-2
Added Pin To Net: NetName=V_DD_1 Pin=R27-1
Added Pin To Net: NetName=PA1 Pin=R27-2
Added Pin To Net: NetName=V_DD_1 Pin=R28-1
Added Pin To Net: NetName=SPI1_MOSI Pin=R28-2
Added Pin To Net: NetName=NetJ7_4 Pin=J7-4
Added Pin To Net: NetName=NetJ7_4 Pin=R27-2
Added Net: Name=NetJ7_4
Added Member To Class: ClassName=CAN Comms Member=Component J6 35312-0460
