Removed Pin From Net: NetName=PC11 Pin=C10-1
Removed Pin From Net: NetName=V_SS_1 Pin=D1-1
Removed Pin From Net: NetName=NetD1_3 Pin=D1-3
Removed Pin From Net: NetName=+5V Pin=D1-6
Change Component DesignItemId : Designator=R16 Old DesignItemId=ERA-6VEB2201V New DesignItemId=RT0805FRE0768RL
Change Component DesignItemId : Designator=R13 Old DesignItemId=ERA-6VEB2201V New DesignItemId=RT0805FRE13150RL
Change Component DesignItemId : Designator=R14 Old DesignItemId=ERA-6VEB2201V New DesignItemId=RT0805FRE13150RL
Change Component DesignItemId : Designator=R15 Old DesignItemId=ERA-6VEB2201V New DesignItemId=RT0805FRE13150RL
Change Component DesignItemId : Designator=D1 Old DesignItemId=SMD-LX5050RGB-TR New DesignItemId=1N5819HW-7-F
Change Component Footprint: Designator=R13 Old Footprint=RESC2012X65N New Footprint=RESC2012X60N
Change Component Footprint: Designator=R14 Old Footprint=RESC2012X65N New Footprint=RESC2012X60N
Change Component Footprint: Designator=R15 Old Footprint=RESC2012X65N New Footprint=RESC2012X60N
Change Component Footprint: Designator=R16 Old Footprint=RESC2012X65N New Footprint=RESC2012X60N
Change Component Footprint: Designator=D1 Old Footprint=SMDLX5050RGBTR New Footprint=SOD3716X125N
Change Component Comment : Designator=R16 Old Comment=ERA-6VEB2201V New Comment=RT0805FRE0768RL
Change Component Comment : Designator=R13 Old Comment=ERA-6VEB2201V New Comment=RT0805FRE13150RL
Change Component Comment : Designator=R14 Old Comment=ERA-6VEB2201V New Comment=RT0805FRE13150RL
Change Component Comment : Designator=R15 Old Comment=ERA-6VEB2201V New Comment=RT0805FRE13150RL
Change Component Comment : Designator=D1 Old Comment=SMD-LX5050RGB-TR New Comment=1N5819HW-7-F
Change Component Designator: OldDesignator=C11 NewDesignator=C12
Change Component Designator: OldDesignator=C12 NewDesignator=C13
Change Component Designator: OldDesignator=C13 NewDesignator=C14
Change Component Designator: OldDesignator=C14 NewDesignator=C15
Change Component Designator: OldDesignator=C15 NewDesignator=C16
Change Component Designator: OldDesignator=C16 NewDesignator=C17
Change Component Designator: OldDesignator=C17 NewDesignator=C18
Change Component Designator: OldDesignator=C18 NewDesignator=C19
Change Component Designator: OldDesignator=C19 NewDesignator=C20
Change Component Designator: OldDesignator=C20 NewDesignator=C21
Change Component Designator: OldDesignator=C21 NewDesignator=C22
Change Component Designator: OldDesignator=C22 NewDesignator=C23
Change Component Designator: OldDesignator=C23 NewDesignator=C24
Change Component Designator: OldDesignator=D2 NewDesignator=D3
Change Component Designator: OldDesignator=D3 NewDesignator=D4
Added Component: Designator=C11(CAPC2012X88N)
Added Component: Designator=D2(SMDLX5050RGBTR)
Added Pin To Net: NetName=+3.3V BAT Pin=C10-1
Added Pin To Net: NetName=PC11 Pin=C10-1
Added Pin To Net: NetName=V_SS_1 Pin=C10-2
Added Pin To Net: NetName=+3.3V BAT Pin=D1-1
Added Pin To Net: NetName=V_DD_1 Pin=D1-2
Added Pin To Net: NetName=V_SS_1 Pin=D1-1
Change Net Name : Old Net Name=NetD1_3 New Net Name=NetD2_3
Change Net Name : Old Net Name=NetD2_1 New Net Name=NetD3_1
Change Net Name : Old Net Name=NetD2_2 New Net Name=NetD3_2
Change Net Name : Old Net Name=NetD3_1 New Net Name=NetD4_1
Change Net Name : Old Net Name=NetD3_2 New Net Name=NetD4_2
Added Member To Class: ClassName=Power Member=Component C10 C0805C104K3RACTU
Added Member To Class: ClassName=Power Member=Component D1 1N5819HW-7-F
Added Room: Name=Audio Amp & Control
Added Room: Name=CAN Comms
Added Room: Name=Ext RTC
Added Room: Name=Keypad Controls
Added Room: Name=MCU
Added Room: Name=Power
Added Room: Name=Sound Effect Memory
Added Room: Name=TC Display & IMU
