Removed Pin From Net: NetName=PC1 Pin=J5-1
Removed Pin From Net: NetName=PC3 Pin=J5-2
Removed Pin From Net: NetName=PC0 Pin=J5-3
Removed Pin From Net: NetName=PC7 Pin=J5-4
Removed Pin From Net: NetName=PC2 Pin=J5-5
Removed Pin From Net: NetName=PC4 Pin=J5-7
Added Pin To Net: NetName=PC0 Pin=J5-1
Added Pin To Net: NetName=PC1 Pin=J5-2
Added Pin To Net: NetName=PC2 Pin=J5-3
Added Pin To Net: NetName=PC3 Pin=J5-4
Added Pin To Net: NetName=PC4 Pin=J5-5
Added Pin To Net: NetName=PC7 Pin=J5-7
Added Room: Name=Audio Amp & Control
Added Room: Name=CAN Comms
Added Room: Name=Ext RTC
Added Room: Name=Keypad Controls
Added Room: Name=MCU
Added Room: Name=Power
Added Room: Name=Sound Effect Memory
Added Room: Name=TC Display & IMU
