Added Component: Designator=C1(C0805)
Added Component: Designator=C2(CAPC2012X88N)
Added Component: Designator=C3(C0805)
Added Component: Designator=C4(C0805)
Added Component: Designator=C5(CAPC2012X88N)
Added Component: Designator=C6(CAPC2012X88N)
Added Component: Designator=C7(CAPC2012X140N)
Added Component: Designator=C8(CAPC2012X140N)
Added Component: Designator=C9(CAPC2012X88N)
Added Component: Designator=C10(CAPC2012X88N)
Added Component: Designator=C11(CAPC2012X88N)
Added Component: Designator=C12(CAPC2012X88N)
Added Component: Designator=C13(CAPC2012X88N)
Added Component: Designator=C14(CAPC2012X88N)
Added Component: Designator=C15(CAPC2012X88N)
Added Component: Designator=C16(CAPC2012X88N)
Added Component: Designator=C17(CAPC2012X88N)
Added Component: Designator=C18(CAPC2012X88N)
Added Component: Designator=C19(CAPC2012X140N)
Added Component: Designator=C20(CAPC2012X88N)
Added Component: Designator=C21(CAPC2012X88N)
Added Component: Designator=C22(CAPC2013X140N)
Added Component: Designator=D1(SMDLX5050RGBTR)
Added Component: Designator=D2(SOT95P255X150-3N)
Added Component: Designator=D3(SOT95P255X150-3N)
Added Component: Designator=DC1(SOT95P282X145-5N)
Added Component: Designator=IC1(QFN50P300X300X80-17N)
Added Component: Designator=IC2(SOIC127P600X175-8N)
Added Component: Designator=IC3(SOIC127P1032X265-16N)
Added Component: Designator=IC4(QFP50P1200X1200X160-64N)
Added Component: Designator=J1(SHDR2W64P0X250_1X2_746X650X700P)
Added Component: Designator=J2(SHDR4W64P0X250_1X4_1246X650X700P)
Added Component: Designator=J3(S8421-45R_1)
Added Component: Designator=J4(SHDR2W64P0X250_1X2_746X650X700P)
Added Component: Designator=J5(SHDR7W64P0X250_1X7_1996X650X700P)
Added Component: Designator=J6(SHDR4W64P0X250_1X4_1246X650X700P)
Added Component: Designator=J7(0353120560)
Added Component: Designator=J8(MEM20750014001A)
Added Component: Designator=J9(FTSH-105-XX-YYY-DV-K-P)
Added Component: Designator=J10(HDRV2W66P0X254_1X2_508X254X874P)
Added Component: Designator=J11(HDRV2W66P0X254_1X2_508X254X874P)
Added Component: Designator=L1(CAPC2012X110N)
Added Component: Designator=L2(CAPC2012X110N)
Added Component: Designator=LED1(KPTD3216SURCK)
Added Component: Designator=LED2(KPTD3216SURCK)
Added Component: Designator=LED3(LTH5MM12VFR4100)
Added Component: Designator=LED4(LTH5MM12VFR4100)
Added Component: Designator=LED5(LTH5MM12VFR4100)
Added Component: Designator=LED6(LTH5MM12VFR4100)
Added Component: Designator=Q1(SOT96P240X120-3N)
Added Component: Designator=Q2(SOT96P240X120-3N)
Added Component: Designator=Q3(SOT96P240X120-3N)
Added Component: Designator=Q4(SOT96P240X120-3N)
Added Component: Designator=Q5(SOT96P240X120-3N)
Added Component: Designator=R1(PTV09A4020FB103)
Added Component: Designator=R2(RESC2012X50N)
Added Component: Designator=R3(RESC2012X60N)
Added Component: Designator=R4(RESC2012X60N)
Added Component: Designator=R5(RESC2012X65N)
Added Component: Designator=R6(RESC2012X65N)
Added Component: Designator=R7(RESC2012X65N)
Added Component: Designator=R8(RESC2012X60N)
Added Component: Designator=R9(RESC2012X60N)
Added Component: Designator=R10(RESC2012X50N)
Added Component: Designator=R11(RESC2012X50N)
Added Component: Designator=R12(RESC2012X60N)
Added Component: Designator=R13(RESC2012X65N)
Added Component: Designator=R14(RESC2012X65N)
Added Component: Designator=R15(RESC2012X65N)
Added Component: Designator=R16(RESC2012X65N)
Added Component: Designator=R17(RESC2012X50N)
Added Component: Designator=R18(RESC2012X50N)
Added Component: Designator=R19(RESC2012X50N)
Added Component: Designator=R20(RESC2012X50N)
Added Component: Designator=R21(RESC2012X50N)
Added Component: Designator=R22(RESC2012X50N)
Added Component: Designator=R23(RESC2012X50N)
Added Component: Designator=R24(RESC2012X50N)
Added Component: Designator=R25(RESC2012X50N)
Added Component: Designator=R26(RESC2012X50N)
Added Component: Designator=R27(RESC2012X50N)
Added Component: Designator=R28(RESC2012X50N)
Added Component: Designator=R29(RESC2012X50N)
Added Component: Designator=R30(RESC2012X50N)
Added Component: Designator=R31(RESC2012X50N)
Added Component: Designator=R32(RESC2012X50N)
Added Component: Designator=R33(RESC2012X50N)
Added Component: Designator=R34(RESC2012X50N)
Added Component: Designator=R35(RESC2012X60N)
Added Component: Designator=R36(RESC2012X60N)
Added Component: Designator=RN1(EXBV8V104JV)
Added Component: Designator=S1(SS1015SPE)
Added Component: Designator=S2(DM01V)
Added Component: Designator=S3(2184LPSTJRF)
Added Component: Designator=S4(PMS9P1B10M2QE)
Added Component: Designator=S5(BB15APFA)
Added Component: Designator=S6(MHS12204)
Added Component: Designator=S7(FSM2J_1)
Added Component: Designator=Y1(CSTLS8M00G53A0)
Added Pin To Net: NetName=V_DD_1 Pin=C1-1
Added Pin To Net: NetName=V_SS_1 Pin=C1-2
Added Pin To Net: NetName=V_DD_1 Pin=C2-1
Added Pin To Net: NetName=V_SS_1 Pin=C2-2
Added Pin To Net: NetName=V_SS_1 Pin=C3-1
Added Pin To Net: NetName=NetC3_2 Pin=C3-2
Added Pin To Net: NetName=V_SS_1 Pin=C4-1
Added Pin To Net: NetName=NetC4_2 Pin=C4-2
Added Pin To Net: NetName=+5V Pin=C5-1
Added Pin To Net: NetName=V_SS_1 Pin=C5-2
Added Pin To Net: NetName=V_DD_1 Pin=C6-1
Added Pin To Net: NetName=V_SS_1 Pin=C6-2
Added Pin To Net: NetName=+5V Pin=C7-1
Added Pin To Net: NetName=V_SS_1 Pin=C7-2
Added Pin To Net: NetName=V_DD_1 Pin=C8-1
Added Pin To Net: NetName=V_SS_1 Pin=C8-2
Added Pin To Net: NetName=+5V Pin=C9-1
Added Pin To Net: NetName=V_SS_1 Pin=C9-2
Added Pin To Net: NetName=PC11 Pin=C10-1
Added Pin To Net: NetName=V_SS_1 Pin=C10-2
Added Pin To Net: NetName=PC8 Pin=C11-1
Added Pin To Net: NetName=V_SS_1 Pin=C11-2
Added Pin To Net: NetName=PC10 Pin=C12-1
Added Pin To Net: NetName=V_SS_1 Pin=C12-2
Added Pin To Net: NetName=V_DD_1 Pin=C13-1
Added Pin To Net: NetName=V_SS_1 Pin=C13-2
Added Pin To Net: NetName=V_DD_1 Pin=C14-1
Added Pin To Net: NetName=V_SS_1 Pin=C14-2
Added Pin To Net: NetName=V_DD_1 Pin=C15-1
Added Pin To Net: NetName=V_SS_1 Pin=C15-2
Added Pin To Net: NetName=V_DD_1 Pin=C16-1
Added Pin To Net: NetName=V_SS_1 Pin=C16-2
Added Pin To Net: NetName=V_DD_1 Pin=C17-1
Added Pin To Net: NetName=V_SS_1 Pin=C17-2
Added Pin To Net: NetName=V_DD_1 Pin=C18-1
Added Pin To Net: NetName=V_SS_1 Pin=C18-2
Added Pin To Net: NetName=V_DD_1 Pin=C19-1
Added Pin To Net: NetName=V_SS_1 Pin=C19-2
Added Pin To Net: NetName=V_DD_1 Pin=C20-1
Added Pin To Net: NetName=V_SS_1 Pin=C20-2
Added Pin To Net: NetName=NRST Pin=C21-1
Added Pin To Net: NetName=V_SS_1 Pin=C21-2
Added Pin To Net: NetName=V_DD_1 Pin=C22-1
Added Pin To Net: NetName=V_SS_1 Pin=C22-2
Added Pin To Net: NetName=V_SS_1 Pin=D1-1
Added Pin To Net: NetName=NetD1_3 Pin=D1-3
Added Pin To Net: NetName=+5V Pin=D1-6
Added Pin To Net: NetName=NetD2_1 Pin=D2-1
Added Pin To Net: NetName=NetD2_2 Pin=D2-2
Added Pin To Net: NetName=V_SS_1 Pin=D2-3
Added Pin To Net: NetName=NetD3_1 Pin=D3-1
Added Pin To Net: NetName=NetD3_2 Pin=D3-2
Added Pin To Net: NetName=V_SS_1 Pin=D3-3
Added Pin To Net: NetName=+5V Pin=DC1-1
Added Pin To Net: NetName=V_SS_1 Pin=DC1-2
Added Pin To Net: NetName=+5V Pin=DC1-3
Added Pin To Net: NetName=V_DD_1 Pin=DC1-5
Added Pin To Net: NetName=I2S2_SD Pin=IC1-1
Added Pin To Net: NetName=NetIC1_2 Pin=IC1-2
Added Pin To Net: NetName=V_SS_1 Pin=IC1-3
Added Pin To Net: NetName=I2S2_EXT_SD Pin=IC1-4
Added Pin To Net: NetName=V_DD_1 Pin=IC1-7
Added Pin To Net: NetName=V_DD_1 Pin=IC1-8
Added Pin To Net: NetName=NetIC1_9 Pin=IC1-9
Added Pin To Net: NetName=NetIC1_10 Pin=IC1-10
Added Pin To Net: NetName=V_SS_1 Pin=IC1-11
Added Pin To Net: NetName=I2S2_CK Pin=IC1-14
Added Pin To Net: NetName=V_SS_1 Pin=IC1-15
Added Pin To Net: NetName=I2S2_WS Pin=IC1-16
Added Pin To Net: NetName=V_SS_1 Pin=IC1-17
Added Pin To Net: NetName=CAN_TX Pin=IC2-1
Added Pin To Net: NetName=V_SS_1 Pin=IC2-2
Added Pin To Net: NetName=+5V Pin=IC2-3
Added Pin To Net: NetName=CAN_RX Pin=IC2-4
Added Pin To Net: NetName=V_DD_1 Pin=IC2-5
Added Pin To Net: NetName=CAN_L Pin=IC2-6
Added Pin To Net: NetName=CAN_H Pin=IC2-7
Added Pin To Net: NetName=V_SS_1 Pin=IC2-8
Added Pin To Net: NetName=V_DD_1 Pin=IC3-2
Added Pin To Net: NetName=PB9 Pin=IC3-3
Added Pin To Net: NetName=PB8 Pin=IC3-4
Added Pin To Net: NetName=V_SS_1 Pin=IC3-5
Added Pin To Net: NetName=V_SS_1 Pin=IC3-6
Added Pin To Net: NetName=V_SS_1 Pin=IC3-7
Added Pin To Net: NetName=V_SS_1 Pin=IC3-8
Added Pin To Net: NetName=V_SS_1 Pin=IC3-9
Added Pin To Net: NetName=V_SS_1 Pin=IC3-10
Added Pin To Net: NetName=V_SS_1 Pin=IC3-11
Added Pin To Net: NetName=V_SS_1 Pin=IC3-12
Added Pin To Net: NetName=V_SS_1 Pin=IC3-13
Added Pin To Net: NetName=+3.3V BAT Pin=IC3-14
Added Pin To Net: NetName=I2C3_SDA Pin=IC3-15
Added Pin To Net: NetName=I2C3_SCL Pin=IC3-16
Added Pin To Net: NetName=+3.3V  BAT Pin=IC4-1
Added Pin To Net: NetName=PC13 Pin=IC4-2
Added Pin To Net: NetName=NetIC4_3 Pin=IC4-3
Added Pin To Net: NetName=NetIC4_4 Pin=IC4-4
Added Pin To Net: NetName=OSC_IN Pin=IC4-5
Added Pin To Net: NetName=OSC_OUT Pin=IC4-6
Added Pin To Net: NetName=NRST Pin=IC4-7
Added Pin To Net: NetName=PC0 Pin=IC4-8
Added Pin To Net: NetName=PC1 Pin=IC4-9
Added Pin To Net: NetName=PC2 Pin=IC4-10
Added Pin To Net: NetName=PC3 Pin=IC4-11
Added Pin To Net: NetName=V_SS_1 Pin=IC4-12
Added Pin To Net: NetName=V_DD_1 Pin=IC4-13
Added Pin To Net: NetName=ADC1_IN0 Pin=IC4-14
Added Pin To Net: NetName=PA1 Pin=IC4-15
Added Pin To Net: NetName=USART2_TX Pin=IC4-16
Added Pin To Net: NetName=USART2_RX Pin=IC4-17
Added Pin To Net: NetName=V_SS_1 Pin=IC4-18
Added Pin To Net: NetName=V_DD_1 Pin=IC4-19
Added Pin To Net: NetName=PA4 Pin=IC4-20
Added Pin To Net: NetName=SPI1_SCK Pin=IC4-21
Added Pin To Net: NetName=SPI1_MISO Pin=IC4-22
Added Pin To Net: NetName=SPI1_MOSI Pin=IC4-23
Added Pin To Net: NetName=PC4 Pin=IC4-24
Added Pin To Net: NetName=PB0 Pin=IC4-25
Added Pin To Net: NetName=PB1 Pin=IC4-26
Added Pin To Net: NetName=PB2 Pin=IC4-27
Added Pin To Net: NetName=NetIC4_28 Pin=IC4-28
Added Pin To Net: NetName=I2C2_SCL Pin=IC4-29
Added Pin To Net: NetName=I2C2_SDA Pin=IC4-30
Added Pin To Net: NetName=V_SS_1 Pin=IC4-31
Added Pin To Net: NetName=V_DD_1 Pin=IC4-32
Added Pin To Net: NetName=I2S2_WS Pin=IC4-33
Added Pin To Net: NetName=I2S2_CK Pin=IC4-34
Added Pin To Net: NetName=I2S2_EXT_SD Pin=IC4-35
Added Pin To Net: NetName=I2S2_SD Pin=IC4-36
Added Pin To Net: NetName=PC6 Pin=IC4-37
Added Pin To Net: NetName=PC7 Pin=IC4-38
Added Pin To Net: NetName=PC8 Pin=IC4-39
Added Pin To Net: NetName=I2C3_SDA Pin=IC4-40
Added Pin To Net: NetName=I2C3_SCL Pin=IC4-41
Added Pin To Net: NetName=USART1_TX Pin=IC4-42
Added Pin To Net: NetName=USART1_RX Pin=IC4-43
Added Pin To Net: NetName=CAN_RX Pin=IC4-44
Added Pin To Net: NetName=CAN_TX Pin=IC4-45
Added Pin To Net: NetName=JTMS-SWDIO Pin=IC4-46
Added Pin To Net: NetName=V_SS_1 Pin=IC4-47
Added Pin To Net: NetName=V_DD_1 Pin=IC4-48
Added Pin To Net: NetName=JTCK-SWCLK Pin=IC4-49
Added Pin To Net: NetName=JTDI Pin=IC4-50
Added Pin To Net: NetName=PC10 Pin=IC4-51
Added Pin To Net: NetName=PC11 Pin=IC4-52
Added Pin To Net: NetName=PC12 Pin=IC4-53
Added Pin To Net: NetName=PD2 Pin=IC4-54
Added Pin To Net: NetName=JTDO-TRACESWO Pin=IC4-55
Added Pin To Net: NetName=NJTRST Pin=IC4-56
Added Pin To Net: NetName=PB5 Pin=IC4-57
Added Pin To Net: NetName=I2C1_SCL Pin=IC4-58
Added Pin To Net: NetName=I2C1_SDA Pin=IC4-59
Added Pin To Net: NetName=V_SS_1 Pin=IC4-60
Added Pin To Net: NetName=PB8 Pin=IC4-61
Added Pin To Net: NetName=PB9 Pin=IC4-62
Added Pin To Net: NetName=V_SS_1 Pin=IC4-63
Added Pin To Net: NetName=V_DD_1 Pin=IC4-64
Added Pin To Net: NetName=NetC3_2 Pin=J1-1
Added Pin To Net: NetName=NetC4_2 Pin=J1-2
Added Pin To Net: NetName=V_SS_1 Pin=J2-1
Added Pin To Net: NetName=CAN_H Pin=J2-2
Added Pin To Net: NetName=CAN_L Pin=J2-3
Added Pin To Net: NetName=+3.3V BAT Pin=J3-1
Added Pin To Net: NetName=V_SS_1 Pin=J3-2
Added Pin To Net: NetName=V_SS_1 Pin=J4-1
Added Pin To Net: NetName=+5V Pin=J4-2
Added Pin To Net: NetName=PC1 Pin=J5-1
Added Pin To Net: NetName=PC3 Pin=J5-2
Added Pin To Net: NetName=PC0 Pin=J5-3
Added Pin To Net: NetName=PC7 Pin=J5-4
Added Pin To Net: NetName=PC2 Pin=J5-5
Added Pin To Net: NetName=PC6 Pin=J5-6
Added Pin To Net: NetName=PC4 Pin=J5-7
Added Pin To Net: NetName=V_SS_1 Pin=J6-1
Added Pin To Net: NetName=NetJ6_2 Pin=J6-2
Added Pin To Net: NetName=NetJ6_3 Pin=J6-3
Added Pin To Net: NetName=+5V Pin=J6-4
Added Pin To Net: NetName=V_SS_1 Pin=J7-1
Added Pin To Net: NetName=PD2 Pin=J7-2
Added Pin To Net: NetName=NetJ7_3 Pin=J7-3
Added Pin To Net: NetName=NetJ7_4 Pin=J7-4
Added Pin To Net: NetName=+5V Pin=J7-5
Added Pin To Net: NetName=V_SS_1 Pin=J8-MP1
Added Pin To Net: NetName=V_SS_1 Pin=J8-MP2
Added Pin To Net: NetName=V_SS_1 Pin=J8-MP3
Added Pin To Net: NetName=V_SS_1 Pin=J8-MP4
Added Pin To Net: NetName=NetJ8_P1 Pin=J8-P1
Added Pin To Net: NetName=PA1 Pin=J8-P2
Added Pin To Net: NetName=SPI1_MOSI Pin=J8-P3
Added Pin To Net: NetName=V_DD_1 Pin=J8-P4
Added Pin To Net: NetName=SPI1_SCK Pin=J8-P5
Added Pin To Net: NetName=V_SS_1 Pin=J8-P6
Added Pin To Net: NetName=SPI1_MISO Pin=J8-P7
Added Pin To Net: NetName=NetJ8_P8 Pin=J8-P8
Added Pin To Net: NetName=PA4 Pin=J8-P9
Added Pin To Net: NetName=V_DD_1 Pin=J9-1
Added Pin To Net: NetName=JTMS-SWDIO Pin=J9-2
Added Pin To Net: NetName=V_SS_1 Pin=J9-3
Added Pin To Net: NetName=JTCK-SWCLK Pin=J9-4
Added Pin To Net: NetName=V_SS_1 Pin=J9-5
Added Pin To Net: NetName=JTDO-TRACESWO Pin=J9-6
Added Pin To Net: NetName=JTDI Pin=J9-8
Added Pin To Net: NetName=V_SS_1 Pin=J9-9
Added Pin To Net: NetName=NRST Pin=J9-10
Added Pin To Net: NetName=USART1_TX Pin=J10-1
Added Pin To Net: NetName=USART1_RX Pin=J10-2
Added Pin To Net: NetName=USART2_TX Pin=J11-1
Added Pin To Net: NetName=USART2_RX Pin=J11-2
Added Pin To Net: NetName=NetIC1_10 Pin=L1-1
Added Pin To Net: NetName=NetC3_2 Pin=L1-2
Added Pin To Net: NetName=NetIC1_9 Pin=L2-1
Added Pin To Net: NetName=NetC4_2 Pin=L2-2
Added Pin To Net: NetName=V_SS_1 Pin=LED1-1
Added Pin To Net: NetName=NetLED1_2 Pin=LED1-2
Added Pin To Net: NetName=V_SS_1 Pin=LED2-1
Added Pin To Net: NetName=NetLED2_2 Pin=LED2-2
Added Pin To Net: NetName=NetLED3_1 Pin=LED3-1
Added Pin To Net: NetName=V_SS_1 Pin=LED3-2
Added Pin To Net: NetName=NetLED4_1 Pin=LED4-1
Added Pin To Net: NetName=V_SS_1 Pin=LED4-2
Added Pin To Net: NetName=NetLED5_1 Pin=LED5-1
Added Pin To Net: NetName=V_SS_1 Pin=LED5-2
Added Pin To Net: NetName=NetLED6_1 Pin=LED6-1
Added Pin To Net: NetName=V_SS_1 Pin=LED6-2
Added Pin To Net: NetName=V_DD_1 Pin=Q1-1
Added Pin To Net: NetName=PC12 Pin=Q1-2
Added Pin To Net: NetName=NetD1_3 Pin=Q1-3
Added Pin To Net: NetName=V_DD_1 Pin=Q2-1
Added Pin To Net: NetName=I2C1_SCL Pin=Q2-2
Added Pin To Net: NetName=NetD2_2 Pin=Q2-3
Added Pin To Net: NetName=V_DD_1 Pin=Q3-1
Added Pin To Net: NetName=I2C1_SCL Pin=Q3-2
Added Pin To Net: NetName=NetD2_1 Pin=Q3-3
Added Pin To Net: NetName=V_DD_1 Pin=Q4-1
Added Pin To Net: NetName=I2C2_SCL Pin=Q4-2
Added Pin To Net: NetName=NetD3_2 Pin=Q4-3
Added Pin To Net: NetName=V_DD_1 Pin=Q5-1
Added Pin To Net: NetName=I2C2_SDA Pin=Q5-2
Added Pin To Net: NetName=NetD3_1 Pin=Q5-3
Added Pin To Net: NetName=V_DD_1 Pin=R1-1
Added Pin To Net: NetName=ADC1_IN0 Pin=R1-2
Added Pin To Net: NetName=V_SS_1 Pin=R1-3
Added Pin To Net: NetName=V_SS_1 Pin=R1-4
Added Pin To Net: NetName=V_SS_1 Pin=R1-5
Added Pin To Net: NetName=I2S2_EXT_SD Pin=R2-1
Added Pin To Net: NetName=V_DD_1 Pin=R2-2
Added Pin To Net: NetName=V_DD_1 Pin=R3-1
Added Pin To Net: NetName=NetR3_2 Pin=R3-2
Added Pin To Net: NetName=NetR4_1 Pin=R4-1
Added Pin To Net: NetName=V_SS_1 Pin=R4-2
Added Pin To Net: NetName=CAN_L Pin=R5-1
Added Pin To Net: NetName=NetR5_2 Pin=R5-2
Added Pin To Net: NetName=+5V Pin=R6-1
Added Pin To Net: NetName=NetLED1_2 Pin=R6-2
Added Pin To Net: NetName=V_DD_1 Pin=R7-1
Added Pin To Net: NetName=NetLED2_2 Pin=R7-2
Added Pin To Net: NetName=V_DD_1 Pin=R8-1
Added Pin To Net: NetName=PC11 Pin=R8-2
Added Pin To Net: NetName=V_DD_1 Pin=R9-1
Added Pin To Net: NetName=PC8 Pin=R9-2
Added Pin To Net: NetName=V_DD_1 Pin=R10-1
Added Pin To Net: NetName=PC12 Pin=R10-2
Added Pin To Net: NetName=+5V Pin=R11-1
Added Pin To Net: NetName=NetD1_3 Pin=R11-2
Added Pin To Net: NetName=V_DD_1 Pin=R12-1
Added Pin To Net: NetName=PC10 Pin=R12-2
Added Pin To Net: NetName=V_DD_1 Pin=R13-1
Added Pin To Net: NetName=NetLED3_1 Pin=R13-2
Added Pin To Net: NetName=V_DD_1 Pin=R14-1
Added Pin To Net: NetName=NetLED4_1 Pin=R14-2
Added Pin To Net: NetName=V_DD_1 Pin=R15-1
Added Pin To Net: NetName=NetLED5_1 Pin=R15-2
Added Pin To Net: NetName=PC13 Pin=R16-1
Added Pin To Net: NetName=NetLED6_1 Pin=R16-2
Added Pin To Net: NetName=V_DD_1 Pin=R17-1
Added Pin To Net: NetName=I2C1_SCL Pin=R17-2
Added Pin To Net: NetName=V_DD_1 Pin=R18-1
Added Pin To Net: NetName=I2C1_SCL Pin=R18-2
Added Pin To Net: NetName=+5V Pin=R19-1
Added Pin To Net: NetName=NetD2_2 Pin=R19-2
Added Pin To Net: NetName=+5V Pin=R20-1
Added Pin To Net: NetName=NetD2_1 Pin=R20-2
Added Pin To Net: NetName=NetD2_2 Pin=R21-1
Added Pin To Net: NetName=NetJ6_3 Pin=R21-2
Added Pin To Net: NetName=NetD2_1 Pin=R22-1
Added Pin To Net: NetName=NetJ6_2 Pin=R22-2
Added Pin To Net: NetName=V_DD_1 Pin=R23-1
Added Pin To Net: NetName=I2C2_SCL Pin=R23-2
Added Pin To Net: NetName=V_DD_1 Pin=R24-1
Added Pin To Net: NetName=I2C2_SDA Pin=R24-2
Added Pin To Net: NetName=+5V Pin=R25-1
Added Pin To Net: NetName=NetD3_2 Pin=R25-2
Added Pin To Net: NetName=+5V Pin=R26-1
Added Pin To Net: NetName=NetD3_1 Pin=R26-2
Added Pin To Net: NetName=NetD3_2 Pin=R27-1
Added Pin To Net: NetName=NetJ7_4 Pin=R27-2
Added Pin To Net: NetName=NetD3_1 Pin=R28-1
Added Pin To Net: NetName=NetJ7_3 Pin=R28-2
Added Pin To Net: NetName=PB9 Pin=R29-1
Added Pin To Net: NetName=V_DD_1 Pin=R29-2
Added Pin To Net: NetName=V_DD_1 Pin=R30-1
Added Pin To Net: NetName=NetJ8_P1 Pin=R30-2
Added Pin To Net: NetName=V_DD_1 Pin=R31-1
Added Pin To Net: NetName=PA1 Pin=R31-2
Added Pin To Net: NetName=V_DD_1 Pin=R32-1
Added Pin To Net: NetName=SPI1_MOSI Pin=R32-2
Added Pin To Net: NetName=V_DD_1 Pin=R33-1
Added Pin To Net: NetName=SPI1_MISO Pin=R33-2
Added Pin To Net: NetName=V_DD_1 Pin=R34-1
Added Pin To Net: NetName=NetJ8_P8 Pin=R34-2
Added Pin To Net: NetName=V_DD_1 Pin=R35-1
Added Pin To Net: NetName=PA4 Pin=R35-2
Added Pin To Net: NetName=V_DD_1 Pin=R36-1
Added Pin To Net: NetName=NRST Pin=R36-2
Added Pin To Net: NetName=V_SS_1 Pin=RN1-1
Added Pin To Net: NetName=V_SS_1 Pin=RN1-2
Added Pin To Net: NetName=V_SS_1 Pin=RN1-3
Added Pin To Net: NetName=V_SS_1 Pin=RN1-4
Added Pin To Net: NetName=PB5 Pin=RN1-5
Added Pin To Net: NetName=PB2 Pin=RN1-6
Added Pin To Net: NetName=PB1 Pin=RN1-7
Added Pin To Net: NetName=PB0 Pin=RN1-8
Added Pin To Net: NetName=V_DD_1 Pin=S1-1
Added Pin To Net: NetName=NetIC1_2 Pin=S1-2
Added Pin To Net: NetName=NetR3_2 Pin=S1-3
Added Pin To Net: NetName=V_SS_1 Pin=S1-5
Added Pin To Net: NetName=NetR4_1 Pin=S1-6
Added Pin To Net: NetName=NetIC1_2 Pin=S1-7
Added Pin To Net: NetName=CAN_H Pin=S2-1
Added Pin To Net: NetName=NetR5_2 Pin=S2-2
Added Pin To Net: NetName=V_DD_1 Pin=S3-1
Added Pin To Net: NetName=V_DD_1 Pin=S3-2
Added Pin To Net: NetName=V_DD_1 Pin=S3-3
Added Pin To Net: NetName=V_DD_1 Pin=S3-4
Added Pin To Net: NetName=PB5 Pin=S3-5
Added Pin To Net: NetName=PB2 Pin=S3-6
Added Pin To Net: NetName=PB1 Pin=S3-7
Added Pin To Net: NetName=PB0 Pin=S3-8
Added Pin To Net: NetName=V_SS_1 Pin=S4-1
Added Pin To Net: NetName=PC11 Pin=S4-3
Added Pin To Net: NetName=V_SS_1 Pin=S5-1
Added Pin To Net: NetName=PC8 Pin=S5-2
Added Pin To Net: NetName=PC10 Pin=S6-1
Added Pin To Net: NetName=V_SS_1 Pin=S6-2
Added Pin To Net: NetName=V_SS_1 Pin=S6-MH1
Added Pin To Net: NetName=V_SS_1 Pin=S6-MH2
Added Pin To Net: NetName=NRST Pin=S7-1
Added Pin To Net: NetName=NRST Pin=S7-2
Added Pin To Net: NetName=V_SS_1 Pin=S7-3
Added Pin To Net: NetName=V_SS_1 Pin=S7-4
Added Pin To Net: NetName=OSC_IN Pin=Y1-1
Added Pin To Net: NetName=V_SS_1 Pin=Y1-2
Added Pin To Net: NetName=OSC_OUT Pin=Y1-3
Added Member To Class: ClassName=Audio Amp & Control Member=Component C1 C0805C106K8RACTU
Added Member To Class: ClassName=Audio Amp & Control Member=Component C2 C0805C104K4RACTU
Added Member To Class: ClassName=Audio Amp & Control Member=Component C3 C0805C473J8GACAUTO
Added Member To Class: ClassName=Audio Amp & Control Member=Component C4 C0805C473J8GACAUTO
Added Member To Class: ClassName=CAN Comms Member=Component C5 C0805C104K3RACTU
Added Member To Class: ClassName=CAN Comms Member=Component C6 C0805C104K3RACTU
Added Member To Class: ClassName=Power Member=Component C7 C0805C105K5RACTU
Added Member To Class: ClassName=Power Member=Component C8 C0805C105K5RACTU
Added Member To Class: ClassName=Keypad Controls Member=Component C9 C0805C104K4RACTU
Added Member To Class: ClassName=Keypad Controls Member=Component C10 C0805C104K3RACTU
Added Member To Class: ClassName=Keypad Controls Member=Component C11 C0805C104K3RACTU
Added Member To Class: ClassName=Keypad Controls Member=Component C12 C0805C104K3RACTU
Added Member To Class: ClassName=Ext RTC Member=Component C13 C0805C104K4RACTU
Added Member To Class: ClassName=Sound Effect Memory Member=Component C14 C0805C104K4RACTU
Added Member To Class: ClassName=MCU Member=Component C15 C0805C104K3RACTU
Added Member To Class: ClassName=MCU Member=Component C16 C0805C104K3RACTU
Added Member To Class: ClassName=MCU Member=Component C17 C0805C104K3RACTU
Added Member To Class: ClassName=MCU Member=Component C18 C0805C104K3RACTU
Added Member To Class: ClassName=MCU Member=Component C19 C0805C105K5RACTU
Added Member To Class: ClassName=MCU Member=Component C20 C0805C103J5RACTU
Added Member To Class: ClassName=MCU Member=Component C21 C0805C104K3RACTU
Added Member To Class: ClassName=MCU Member=Component C22 C0805C475K3PACTU
Added Member To Class: ClassName=Keypad Controls Member=Component D1 SMD-LX5050RGB-TR
Added Member To Class: ClassName=TC Display & IMU Member=Component D2 ESDAVLC6-2BLY
Added Member To Class: ClassName=TC Display & IMU Member=Component D3 ESDAVLC6-2BLY
Added Member To Class: ClassName=Power Member=Component DC1 AP2127K-3.3TRG1
Added Member To Class: ClassName=Audio Amp & Control Member=Component IC1 MAX98357AETE+
Added Member To Class: ClassName=CAN Comms Member=Component IC2 MCP2562-E_SN
Added Member To Class: ClassName=Ext RTC Member=Component IC3 DS3231SN#
Added Member To Class: ClassName=MCU Member=Component IC4 STM32F405RGT6
Added Member To Class: ClassName=Audio Amp & Control Member=Component J1 35312-0260
Added Member To Class: ClassName=CAN Comms Member=Component J2 35312-0460
Added Member To Class: ClassName=Power Member=Component J3 S8421-45R
Added Member To Class: ClassName=Power Member=Component J4 35312-0260
Added Member To Class: ClassName=Keypad Controls Member=Component J5 35312-0760
Added Member To Class: ClassName=TC Display & IMU Member=Component J6 35312-0460
Added Member To Class: ClassName=TC Display & IMU Member=Component J7 0353120560
Added Member To Class: ClassName=Sound Effect Memory Member=Component J8 MEM2075-00-140-01-A
Added Member To Class: ClassName=MCU Member=Component J9 FTSH-105-01-F-DV-K-P
Added Member To Class: ClassName=MCU Member=Component J10 M20-9990246
Added Member To Class: ClassName=MCU Member=Component J11 M20-9990246
Added Member To Class: ClassName=Audio Amp & Control Member=Component L1 742792023LF
Added Member To Class: ClassName=Audio Amp & Control Member=Component L2 742792023LF
Added Member To Class: ClassName=Power Member=Component LED1 KPTD-3216SURCK
Added Member To Class: ClassName=Power Member=Component LED2 KPTD-3216SURCK
Added Member To Class: ClassName=Keypad Controls Member=Component LED3 LTH5MM12VFR4100
Added Member To Class: ClassName=Keypad Controls Member=Component LED4 LTH5MM12VFR4100
Added Member To Class: ClassName=Keypad Controls Member=Component LED5 LTH5MM12VFR4100
Added Member To Class: ClassName=Keypad Controls Member=Component LED6 LTH5MM12VFR4100
Added Member To Class: ClassName=Keypad Controls Member=Component Q1 2N7002
Added Member To Class: ClassName=TC Display & IMU Member=Component Q2 2N7002
Added Member To Class: ClassName=TC Display & IMU Member=Component Q3 2N7002
Added Member To Class: ClassName=TC Display & IMU Member=Component Q4 2N7002
Added Member To Class: ClassName=TC Display & IMU Member=Component Q5 2N7002
Added Member To Class: ClassName=Audio Amp & Control Member=Component R1 PTV09A-4025U-B103
Added Member To Class: ClassName=Audio Amp & Control Member=Component R2 CRCW0805634KFKEA
Added Member To Class: ClassName=Audio Amp & Control Member=Component R3 CRCW0805100KFKEAC
Added Member To Class: ClassName=Audio Amp & Control Member=Component R4 CRCW0805100KFKEAC
Added Member To Class: ClassName=CAN Comms Member=Component R5 KTR10EZPJ121
Added Member To Class: ClassName=Power Member=Component R6 ERA-6VEB2201V
Added Member To Class: ClassName=Power Member=Component R7 ERA-6VEB2201V
Added Member To Class: ClassName=Keypad Controls Member=Component R8 CRCW080510K0FKEAHP
Added Member To Class: ClassName=Keypad Controls Member=Component R9 CRCW080510K0FKEAHP
Added Member To Class: ClassName=Keypad Controls Member=Component R10 CRCW08054K70FKEAHP
Added Member To Class: ClassName=Keypad Controls Member=Component R11 CRCW08054K70FKEAHP
Added Member To Class: ClassName=Keypad Controls Member=Component R12 CRCW080510K0FKEAHP
Added Member To Class: ClassName=Keypad Controls Member=Component R13 ERA-6VEB2201V
Added Member To Class: ClassName=Keypad Controls Member=Component R14 ERA-6VEB2201V
Added Member To Class: ClassName=Keypad Controls Member=Component R15 ERA-6VEB2201V
Added Member To Class: ClassName=Keypad Controls Member=Component R16 ERA-6VEB2201V
Added Member To Class: ClassName=TC Display & IMU Member=Component R17 CRCW08054K70FKEAHP
Added Member To Class: ClassName=TC Display & IMU Member=Component R18 CRCW08054K70FKEAHP
Added Member To Class: ClassName=TC Display & IMU Member=Component R19 CRCW08054K70FKEAHP
Added Member To Class: ClassName=TC Display & IMU Member=Component R20 CRCW08054K70FKEAHP
Added Member To Class: ClassName=TC Display & IMU Member=Component R21 CRCW0805100RFKEAHP
Added Member To Class: ClassName=TC Display & IMU Member=Component R22 CRCW0805100RFKEAHP
Added Member To Class: ClassName=TC Display & IMU Member=Component R23 CRCW08054K70FKEAHP
Added Member To Class: ClassName=TC Display & IMU Member=Component R24 CRCW08054K70FKEAHP
Added Member To Class: ClassName=TC Display & IMU Member=Component R25 CRCW08054K70FKEAHP
Added Member To Class: ClassName=TC Display & IMU Member=Component R26 CRCW08054K70FKEAHP
Added Member To Class: ClassName=TC Display & IMU Member=Component R27 CRCW0805100RFKEAHP
Added Member To Class: ClassName=TC Display & IMU Member=Component R28 CRCW0805100RFKEAHP
Added Member To Class: ClassName=Ext RTC Member=Component R29 CRCW080539K0FKEA
Added Member To Class: ClassName=Sound Effect Memory Member=Component R30 CRCW080539K0FKEA
Added Member To Class: ClassName=Sound Effect Memory Member=Component R31 CRCW080539K0FKEA
Added Member To Class: ClassName=Sound Effect Memory Member=Component R32 CRCW080539K0FKEA
Added Member To Class: ClassName=Sound Effect Memory Member=Component R33 CRCW080539K0FKEA
Added Member To Class: ClassName=Sound Effect Memory Member=Component R34 CRCW080539K0FKEA
Added Member To Class: ClassName=Sound Effect Memory Member=Component R35 CRCW080510K0FKEAHP
Added Member To Class: ClassName=MCU Member=Component R36 CRCW080510K0FKEAHP
Added Member To Class: ClassName=CAN Comms Member=Component RN1 EXB-V8V104JV
Added Member To Class: ClassName=Audio Amp & Control Member=Component S1 SS-10-15SPE
Added Member To Class: ClassName=CAN Comms Member=Component S2 DM-01-V
Added Member To Class: ClassName=CAN Comms Member=Component S3 218-4LPSTJRF
Added Member To Class: ClassName=Keypad Controls Member=Component S4 PMS9P1B10M2QE
Added Member To Class: ClassName=Keypad Controls Member=Component S5 BB15AP-FA
Added Member To Class: ClassName=Keypad Controls Member=Component S6 MHS12204
Added Member To Class: ClassName=MCU Member=Component S7 2-1437565-8
Added Member To Class: ClassName=MCU Member=Component Y1 CSTLS8M00G53-A0
Added Room: Name=Audio Amp & Control
Added Room: Name=CAN Comms
Added Room: Name=Ext RTC
Added Room: Name=Keypad Controls
Added Room: Name=MCU
Added Room: Name=Power
Added Room: Name=Sound Effect Memory
Added Room: Name=TC Display & IMU
