Removed Pin From Net: NetName=V_DD_1 Pin=C1-1
Removed Pin From Net: NetName=V_DD_1 Pin=S1-1
Removed Pin From Net: NetName=NetIC1_2 Pin=S1-2
Removed Pin From Net: NetName=NetR3_2 Pin=S1-3
Removed Pin From Net: NetName=V_SS_1 Pin=S5-1
Removed Pin From Net: NetName=PC11 Pin=S5-3
Removed Member From Class: ClassName=Audio Amp & Control Member=C7
Removed Member From Class: ClassName=Power Member=C12
Removed Member From Class: ClassName=Keypad Controls Member=C14
Removed Member From Class: ClassName=Audio Amp & Control Member=S3
Change Component DesignItemId : Designator=S5 Old DesignItemId=PMS9P1B10M2QE New DesignItemId=TS02-66-150-BK-100-LCR-D
Change Component Footprint: Designator=S5 Old Footprint=PMS9P1B10M2QE New Footprint=TS0266150BK100LCRD
Change Component Comment : Designator=S5 Old Comment=PMS9P1B10M2QE New Comment=TS02-66-150-BK-100-LCR-D
Added Component: Designator=C2(C0805)
Added Component: Designator=S2(SS1015SPE)
Added Pin To Net: NetName=ADC1_IN0 Pin=C1-1
Added Pin To Net: NetName=V_DD_1 Pin=C1-1
Added Pin To Net: NetName=V_SS_1 Pin=C1-2
Added Pin To Net: NetName=ADC1_IN0 Pin=S1-1
Added Pin To Net: NetName=V_SS_1 Pin=S1-2
Added Pin To Net: NetName=V_DD_1 Pin=S1-1
Added Pin To Net: NetName=NetIC1_2 Pin=S1-2
Added Pin To Net: NetName=NetR3_2 Pin=S1-3
Added Pin To Net: NetName=PC11 Pin=S5-1
Added Pin To Net: NetName=V_SS_1 Pin=S5-3
Added Member To Class: ClassName=Audio Amp & Control Member=Component C2 C0805C106K8RACTU
Added Member To Class: ClassName=Power Member=Component C9 C0805C105K5RACTU
Added Member To Class: ClassName=Keypad Controls Member=Component C13 C0805C104K3RACTU
Added Member To Class: ClassName=Audio Amp & Control Member=Component S2 SS-10-15SPE
Added Room: Name=Audio Amp & Control
Added Room: Name=CAN Comms
Added Room: Name=Ext RTC
Added Room: Name=Keypad Controls
Added Room: Name=MCU
Added Room: Name=Power
Added Room: Name=Sound Effect Memory
Added Room: Name=TC Display & IMU
